<?xml version="1.0" encoding="UTF-8"?>
<testsuite xmlns:xsi="http://www.w3.org/2001/XMLSchema-instance" xsi:noNamespaceSchemaLocation="https://maven.apache.org/surefire/maven-surefire-plugin/xsd/surefire-test-report-3.0.xsd" version="3.0" name="features.FeatureTest" time="14.67" tests="1" errors="0" skipped="0" failures="0">
  <properties>
[...]
</properties>
  <testcase name="testParallel" classname="features.FeatureTest" time="14.648">
    <system-out><![CDATA[15:26:33.840 [main] DEBUG com.intuit.karate.Suite - [config] classpath:karate-config.js
15:26:33.848 [main] INFO  com.intuit.karate.Suite - backed up existing 'target\karate-reports' dir to: target\karate-reports_1768242393845
15:26:33.852 [main] DEBUG com.intuit.karate.Suite - waiting for 7 features to complete
15:26:34.886 [pool-2-thread-1] INFO  com.intuit.karate - karate.env system property was: null 
15:26:34.886 [pool-2-thread-4] INFO  com.intuit.karate - karate.env system property was: null 
15:26:34.886 [pool-2-thread-2] INFO  com.intuit.karate - karate.env system property was: null 
15:26:34.886 [pool-2-thread-3] INFO  com.intuit.karate - karate.env system property was: null 
15:26:34.886 [pool-2-thread-5] INFO  com.intuit.karate - karate.env system property was: null 
15:26:34.933 [pool-2-thread-1] INFO  c.intuit.karate.core.FeatureRuntime - classpath:features/gerarToken/auth.feature - call by tag at line 8: sucesso
15:26:34.933 [pool-2-thread-3] INFO  c.intuit.karate.core.FeatureRuntime - classpath:features/books/adicionarLivro/adicionar-livro.feature - call by tag at line 9: sucesso
15:26:34.933 [pool-2-thread-4] INFO  c.intuit.karate.core.FeatureRuntime - classpath:features/books/adicionarLivro/adicionar-livro.feature - call by tag at line 9: sucesso
15:26:34.933 [pool-2-thread-2] INFO  c.intuit.karate.core.FeatureRuntime - classpath:features/gerarToken/auth.feature - call by tag at line 8: sucesso
15:26:34.944 [pool-2-thread-4] INFO  c.intuit.karate.core.FeatureRuntime - classpath:features/gerarToken/auth.feature - call by tag at line 8: sucesso
15:26:34.944 [pool-2-thread-2] INFO  c.intuit.karate.core.FeatureRuntime - classpath:features/users/criarUsuario/criar-usuario.feature - call by tag at line 7: sucesso
15:26:34.944 [pool-2-thread-1] INFO  c.intuit.karate.core.FeatureRuntime - classpath:features/users/criarUsuario/criar-usuario.feature - call by tag at line 7: sucesso
15:26:34.944 [pool-2-thread-3] INFO  c.intuit.karate.core.FeatureRuntime - classpath:features/gerarToken/auth.feature - call by tag at line 8: sucesso
15:26:34.954 [pool-2-thread-3] INFO  c.intuit.karate.core.FeatureRuntime - classpath:features/users/criarUsuario/criar-usuario.feature - call by tag at line 7: sucesso
15:26:34.954 [pool-2-thread-4] INFO  c.intuit.karate.core.FeatureRuntime - classpath:features/users/criarUsuario/criar-usuario.feature - call by tag at line 7: sucesso
15:26:35.185 [pool-2-thread-1] INFO  com.intuit.karate - [print] Warley Souza 
15:26:35.185 [pool-2-thread-3] INFO  com.intuit.karate - [print] Lucas Coqueiro 
15:26:35.185 [pool-2-thread-2] INFO  com.intuit.karate - [print] Daniel Macieira Neto 
15:26:35.185 [pool-2-thread-4] INFO  com.intuit.karate - [print] Tertuliano da Nóbrega Jr. 
15:26:35.243 [pool-2-thread-5] DEBUG com.intuit.karate - request:
1 > GET https://bookstore.demoqa.com/BookStore/v1/Books
1 > Host: bookstore.demoqa.com
1 > Connection: Keep-Alive
1 > User-Agent: Apache-HttpClient/4.5.14 (Java/21.0.6)
1 > Accept-Encoding: gzip,deflate


15:26:35.293 [pool-2-thread-3] DEBUG com.intuit.karate - request:
1 > POST https://bookstore.demoqa.com/Account/v1/User
1 > Content-Type: application/json; charset=UTF-8
1 > Content-Length: 56
1 > Host: bookstore.demoqa.com
1 > Connection: Keep-Alive
1 > User-Agent: Apache-HttpClient/4.5.14 (Java/21.0.6)
1 > Accept-Encoding: gzip,deflate
{"userName":"Lucas Coqueiro","password":"Fulano464553#"}

15:26:35.293 [pool-2-thread-1] DEBUG com.intuit.karate - request:
1 > POST https://bookstore.demoqa.com/Account/v1/User
1 > Content-Type: application/json; charset=UTF-8
1 > Content-Length: 54
1 > Host: bookstore.demoqa.com
1 > Connection: Keep-Alive
1 > User-Agent: Apache-HttpClient/4.5.14 (Java/21.0.6)
1 > Accept-Encoding: gzip,deflate
{"userName":"Warley Souza","password":"Fulano464553#"}

15:26:35.293 [pool-2-thread-2] DEBUG com.intuit.karate - request:
1 > POST https://bookstore.demoqa.com/Account/v1/User
1 > Content-Type: application/json; charset=UTF-8
1 > Content-Length: 62
1 > Host: bookstore.demoqa.com
1 > Connection: Keep-Alive
1 > User-Agent: Apache-HttpClient/4.5.14 (Java/21.0.6)
1 > Accept-Encoding: gzip,deflate
{"userName":"Daniel Macieira Neto","password":"Fulano464553#"}

15:26:35.293 [pool-2-thread-4] DEBUG com.intuit.karate - request:
1 > POST https://bookstore.demoqa.com/Account/v1/User
1 > Content-Type: application/json; charset=UTF-8
1 > Content-Length: 68
1 > Host: bookstore.demoqa.com
1 > Connection: Keep-Alive
1 > User-Agent: Apache-HttpClient/4.5.14 (Java/21.0.6)
1 > Accept-Encoding: gzip,deflate
{"userName":"Tertuliano da Nóbrega Jr.","password":"Fulano464553#"}

15:26:36.003 [pool-2-thread-5] DEBUG com.intuit.karate - response time in milliseconds: 757
1 < 200
1 < Server: nginx/1.17.10 (Ubuntu)
1 < Date: Mon, 12 Jan 2026 18:26:36 GMT
1 < Content-Type: application/json; charset=utf-8
1 < Content-Length: 4514
1 < Connection: keep-alive
1 < X-Powered-By: Express
1 < ETag: W/"11a2-8zfX++QwcgaCjSU6F8JP9fUd1tY"
{"books":[{"isbn":"9781449325862","title":"Git Pocket Guide","subTitle":"A Working Introduction","author":"Richard E. Silverman","publish_date":"2020-06-04T08:48:39.000Z","publisher":"O'Reilly Media","pages":234,"description":"This pocket guide is the perfect on-the-job companion to Git, the distributed version control system. It provides a compact, readable introduction to Git for new users, as well as a reference to common commands and procedures for those of you with Git exp","website":"http://chimera.labs.oreilly.com/books/1230000000561/index.html"},{"isbn":"9781449331818","title":"Learning JavaScript Design Patterns","subTitle":"A JavaScript and jQuery Developer's Guide","author":"Addy Osmani","publish_date":"2020-06-04T09:11:40.000Z","publisher":"O'Reilly Media","pages":254,"description":"With Learning JavaScript Design Patterns, you'll learn how to write beautiful, structured, and maintainable JavaScript by applying classical and modern design patterns to the language. If you want to keep your code efficient, more manageable, and up-to-da","website":"http://www.addyosmani.com/resources/essentialjsdesignpatterns/book/"},{"isbn":"9781449337711","title":"Designing Evolvable Web APIs with ASP.NET","subTitle":"Harnessing the Power of the Web","author":"Glenn Block et al.","publish_date":"2020-06-04T09:12:43.000Z","publisher":"O'Reilly Media","pages":238,"description":"Design and build Web APIs for a broad range of clients—including browsers and mobile devices—that can adapt to change over time. This practical, hands-on guide takes you through the theory and tools you need to build evolvable HTTP services with Microsoft","website":"http://chimera.labs.oreilly.com/books/1234000001708/index.html"},{"isbn":"9781449365035","title":"Speaking JavaScript","subTitle":"An In-Depth Guide for Programmers","author":"Axel Rauschmayer","publish_date":"2014-02-01T00:00:00.000Z","publisher":"O'Reilly Media","pages":460,"description":"Like it or not, JavaScript is everywhere these days-from browser to server to mobile-and now you, too, need to learn the language or dive deeper than you have. This concise book guides you into and through JavaScript, written by a veteran programmer who o","website":"http://speakingjs.com/"},{"isbn":"9781491904244","title":"You Don't Know JS","subTitle":"ES6 & Beyond","author":"Kyle Simpson","publish_date":"2015-12-27T00:00:00.000Z","publisher":"O'Reilly Media","pages":278,"description":"No matter how much experience you have with JavaScript, odds are you don’t fully understand the language. As part of the \\\"You Don’t Know JS\\\" series, this compact guide focuses on new features available in ECMAScript 6 (ES6), the latest version of the st","website":"https://github.com/getify/You-Dont-Know-JS/tree/master/es6%20&%20beyond"},{"isbn":"9781491950296","title":"Programming JavaScript Applications","subTitle":"Robust Web Architecture with Node, HTML5, and Modern JS Libraries","author":"Eric Elliott","publish_date":"2014-07-01T00:00:00.000Z","publisher":"O'Reilly Media","pages":254,"description":"Take advantage of JavaScript's power to build robust web-scale or enterprise applications that are easy to extend and maintain. By applying the design patterns outlined in this practical book, experienced JavaScript developers will learn how to write flex","website":"http://chimera.labs.oreilly.com/books/1234000000262/index.html"},{"isbn":"9781593275846","title":"Eloquent JavaScript, Second Edition","subTitle":"A Modern Introduction to Programming","author":"Marijn Haverbeke","publish_date":"2014-12-14T00:00:00.000Z","publisher":"No Starch Press","pages":472,"description":"JavaScript lies at the heart of almost every modern web application, from social apps to the newest browser-based games. Though simple for beginners to pick up and play with, JavaScript is a flexible, complex language that you can use to build full-scale ","website":"http://eloquentjavascript.net/"},{"isbn":"9781593277574","title":"Understanding ECMAScript 6","subTitle":"The Definitive Guide for JavaScript Developers","author":"Nicholas C. Zakas","publish_date":"2016-09-03T00:00:00.000Z","publisher":"No Starch Press","pages":352,"description":"ECMAScript 6 represents the biggest update to the core of JavaScript in the history of the language. In Understanding ECMAScript 6, expert developer Nicholas C. Zakas provides a complete guide to the object types, syntax, and other exciting changes that E","website":"https://leanpub.com/understandinges6/read"}]}

15:26:36.031 [pool-2-thread-5] DEBUG com.intuit.karate - request:
1 > GET https://bookstore.demoqa.com/BookStore/v1/Book?ISBN=9781449325862
1 > Host: bookstore.demoqa.com
1 > Connection: Keep-Alive
1 > User-Agent: Apache-HttpClient/4.5.14 (Java/21.0.6)
1 > Accept-Encoding: gzip,deflate


15:26:36.551 [pool-2-thread-5] DEBUG com.intuit.karate - response time in milliseconds: 519
1 < 200
1 < Server: nginx/1.17.10 (Ubuntu)
1 < Date: Mon, 12 Jan 2026 18:26:36 GMT
1 < Content-Type: application/json; charset=utf-8
1 < Content-Length: 549
1 < Connection: keep-alive
1 < X-Powered-By: Express
1 < ETag: W/"225-6wegpsdSbs3Zjpo/5fzJQey1dRQ"
{"isbn":"9781449325862","title":"Git Pocket Guide","subTitle":"A Working Introduction","author":"Richard E. Silverman","publish_date":"2020-06-04T08:48:39.000Z","publisher":"O'Reilly Media","pages":234,"description":"This pocket guide is the perfect on-the-job companion to Git, the distributed version control system. It provides a compact, readable introduction to Git for new users, as well as a reference to common commands and procedures for those of you with Git exp","website":"http://chimera.labs.oreilly.com/books/1230000000561/index.html"}

15:26:36.560 [pool-2-thread-5] INFO  com.intuit.karate - karate.env system property was: null 
15:26:36.567 [pool-2-thread-5] DEBUG com.intuit.karate - request:
1 > GET https://bookstore.demoqa.com/BookStore/v1/Books
1 > Host: bookstore.demoqa.com
1 > Connection: Keep-Alive
1 > User-Agent: Apache-HttpClient/4.5.14 (Java/21.0.6)
1 > Accept-Encoding: gzip,deflate


15:26:37.094 [pool-2-thread-5] DEBUG com.intuit.karate - response time in milliseconds: 526
1 < 200
1 < Server: nginx/1.17.10 (Ubuntu)
1 < Date: Mon, 12 Jan 2026 18:26:37 GMT
1 < Content-Type: application/json; charset=utf-8
1 < Content-Length: 4514
1 < Connection: keep-alive
1 < X-Powered-By: Express
1 < ETag: W/"11a2-8zfX++QwcgaCjSU6F8JP9fUd1tY"
{"books":[{"isbn":"9781449325862","title":"Git Pocket Guide","subTitle":"A Working Introduction","author":"Richard E. Silverman","publish_date":"2020-06-04T08:48:39.000Z","publisher":"O'Reilly Media","pages":234,"description":"This pocket guide is the perfect on-the-job companion to Git, the distributed version control system. It provides a compact, readable introduction to Git for new users, as well as a reference to common commands and procedures for those of you with Git exp","website":"http://chimera.labs.oreilly.com/books/1230000000561/index.html"},{"isbn":"9781449331818","title":"Learning JavaScript Design Patterns","subTitle":"A JavaScript and jQuery Developer's Guide","author":"Addy Osmani","publish_date":"2020-06-04T09:11:40.000Z","publisher":"O'Reilly Media","pages":254,"description":"With Learning JavaScript Design Patterns, you'll learn how to write beautiful, structured, and maintainable JavaScript by applying classical and modern design patterns to the language. If you want to keep your code efficient, more manageable, and up-to-da","website":"http://www.addyosmani.com/resources/essentialjsdesignpatterns/book/"},{"isbn":"9781449337711","title":"Designing Evolvable Web APIs with ASP.NET","subTitle":"Harnessing the Power of the Web","author":"Glenn Block et al.","publish_date":"2020-06-04T09:12:43.000Z","publisher":"O'Reilly Media","pages":238,"description":"Design and build Web APIs for a broad range of clients—including browsers and mobile devices—that can adapt to change over time. This practical, hands-on guide takes you through the theory and tools you need to build evolvable HTTP services with Microsoft","website":"http://chimera.labs.oreilly.com/books/1234000001708/index.html"},{"isbn":"9781449365035","title":"Speaking JavaScript","subTitle":"An In-Depth Guide for Programmers","author":"Axel Rauschmayer","publish_date":"2014-02-01T00:00:00.000Z","publisher":"O'Reilly Media","pages":460,"description":"Like it or not, JavaScript is everywhere these days-from browser to server to mobile-and now you, too, need to learn the language or dive deeper than you have. This concise book guides you into and through JavaScript, written by a veteran programmer who o","website":"http://speakingjs.com/"},{"isbn":"9781491904244","title":"You Don't Know JS","subTitle":"ES6 & Beyond","author":"Kyle Simpson","publish_date":"2015-12-27T00:00:00.000Z","publisher":"O'Reilly Media","pages":278,"description":"No matter how much experience you have with JavaScript, odds are you don’t fully understand the language. As part of the \\\"You Don’t Know JS\\\" series, this compact guide focuses on new features available in ECMAScript 6 (ES6), the latest version of the st","website":"https://github.com/getify/You-Dont-Know-JS/tree/master/es6%20&%20beyond"},{"isbn":"9781491950296","title":"Programming JavaScript Applications","subTitle":"Robust Web Architecture with Node, HTML5, and Modern JS Libraries","author":"Eric Elliott","publish_date":"2014-07-01T00:00:00.000Z","publisher":"O'Reilly Media","pages":254,"description":"Take advantage of JavaScript's power to build robust web-scale or enterprise applications that are easy to extend and maintain. By applying the design patterns outlined in this practical book, experienced JavaScript developers will learn how to write flex","website":"http://chimera.labs.oreilly.com/books/1234000000262/index.html"},{"isbn":"9781593275846","title":"Eloquent JavaScript, Second Edition","subTitle":"A Modern Introduction to Programming","author":"Marijn Haverbeke","publish_date":"2014-12-14T00:00:00.000Z","publisher":"No Starch Press","pages":472,"description":"JavaScript lies at the heart of almost every modern web application, from social apps to the newest browser-based games. Though simple for beginners to pick up and play with, JavaScript is a flexible, complex language that you can use to build full-scale ","website":"http://eloquentjavascript.net/"},{"isbn":"9781593277574","title":"Understanding ECMAScript 6","subTitle":"The Definitive Guide for JavaScript Developers","author":"Nicholas C. Zakas","publish_date":"2016-09-03T00:00:00.000Z","publisher":"No Starch Press","pages":352,"description":"ECMAScript 6 represents the biggest update to the core of JavaScript in the history of the language. In Understanding ECMAScript 6, expert developer Nicholas C. Zakas provides a complete guide to the object types, syntax, and other exciting changes that E","website":"https://leanpub.com/understandinges6/read"}]}

15:26:37.100 [pool-2-thread-5] DEBUG com.intuit.karate - request:
1 > GET https://bookstore.demoqa.com/BookStore/v1/Book?ISBN=0000000000000
1 > Host: bookstore.demoqa.com
1 > Connection: Keep-Alive
1 > User-Agent: Apache-HttpClient/4.5.14 (Java/21.0.6)
1 > Accept-Encoding: gzip,deflate


15:26:37.298 [pool-2-thread-2] DEBUG com.intuit.karate - response time in milliseconds: 2003
1 < 201
1 < Server: nginx/1.17.10 (Ubuntu)
1 < Date: Mon, 12 Jan 2026 18:26:37 GMT
1 < Content-Type: application/json; charset=utf-8
1 < Content-Length: 94
1 < Connection: keep-alive
1 < X-Powered-By: Express
1 < ETag: W/"5e-r8+7s0TuSIcSOmI36O81hn4kDY0"
{"userID":"30df58d3-1214-4e36-a560-d751a6bbec06","username":"Daniel Macieira Neto","books":[]}

15:26:37.299 [pool-2-thread-3] DEBUG com.intuit.karate - response time in milliseconds: 2006
1 < 201
1 < Server: nginx/1.17.10 (Ubuntu)
1 < Date: Mon, 12 Jan 2026 18:26:37 GMT
1 < Content-Type: application/json; charset=utf-8
1 < Content-Length: 88
1 < Connection: keep-alive
1 < X-Powered-By: Express
1 < ETag: W/"58-vBQ6xSX62RMh3CllcyhCSI6AGB0"
{"userID":"30384a59-c7b7-4ddc-9621-9f3fac5d1575","username":"Lucas Coqueiro","books":[]}

15:26:37.303 [pool-2-thread-4] DEBUG com.intuit.karate - response time in milliseconds: 2009
1 < 201
1 < Server: nginx/1.17.10 (Ubuntu)
1 < Date: Mon, 12 Jan 2026 18:26:37 GMT
1 < Content-Type: application/json; charset=utf-8
1 < Content-Length: 100
1 < Connection: keep-alive
1 < X-Powered-By: Express
1 < ETag: W/"64-O8rVuwxc6sRr2dqn4I7ob0++7lI"
{"userID":"dee9a6b6-f84e-4417-924f-51b93cc1a652","username":"Tertuliano da Nóbrega Jr.","books":[]}

15:26:37.306 [pool-2-thread-2] DEBUG com.intuit.karate - request:
1 > POST https://bookstore.demoqa.com/Account/v1/GenerateToken
1 > Content-Type: application/json; charset=UTF-8
1 > Content-Length: 62
1 > Host: bookstore.demoqa.com
1 > Connection: Keep-Alive
1 > User-Agent: Apache-HttpClient/4.5.14 (Java/21.0.6)
1 > Accept-Encoding: gzip,deflate
{"userName":"Daniel Macieira Neto","password":"Fulano464553#"}

15:26:37.306 [pool-2-thread-3] DEBUG com.intuit.karate - request:
1 > POST https://bookstore.demoqa.com/Account/v1/GenerateToken
1 > Content-Type: application/json; charset=UTF-8
1 > Content-Length: 56
1 > Host: bookstore.demoqa.com
1 > Connection: Keep-Alive
1 > User-Agent: Apache-HttpClient/4.5.14 (Java/21.0.6)
1 > Accept-Encoding: gzip,deflate
{"userName":"Lucas Coqueiro","password":"Fulano464553#"}

15:26:37.309 [pool-2-thread-4] DEBUG com.intuit.karate - request:
1 > POST https://bookstore.demoqa.com/Account/v1/GenerateToken
1 > Content-Type: application/json; charset=UTF-8
1 > Content-Length: 68
1 > Host: bookstore.demoqa.com
1 > Connection: Keep-Alive
1 > User-Agent: Apache-HttpClient/4.5.14 (Java/21.0.6)
1 > Accept-Encoding: gzip,deflate
{"userName":"Tertuliano da Nóbrega Jr.","password":"Fulano464553#"}

15:26:37.473 [pool-2-thread-1] DEBUG com.intuit.karate - response time in milliseconds: 2179
1 < 201
1 < Server: nginx/1.17.10 (Ubuntu)
1 < Date: Mon, 12 Jan 2026 18:26:37 GMT
1 < Content-Type: application/json; charset=utf-8
1 < Content-Length: 86
1 < Connection: keep-alive
1 < X-Powered-By: Express
1 < ETag: W/"56-UMQ9Ny3Sc+J8DadnkyeqlCIHM3w"
{"userID":"532f41d0-64d6-48c3-8036-852d86830f35","username":"Warley Souza","books":[]}

15:26:37.479 [pool-2-thread-1] DEBUG com.intuit.karate - request:
1 > POST https://bookstore.demoqa.com/Account/v1/GenerateToken
1 > Content-Type: application/json; charset=UTF-8
1 > Content-Length: 54
1 > Host: bookstore.demoqa.com
1 > Connection: Keep-Alive
1 > User-Agent: Apache-HttpClient/4.5.14 (Java/21.0.6)
1 > Accept-Encoding: gzip,deflate
{"userName":"Warley Souza","password":"Fulano464553#"}

15:26:37.600 [pool-2-thread-5] DEBUG com.intuit.karate - response time in milliseconds: 499
1 < 400
1 < Server: nginx/1.17.10 (Ubuntu)
1 < Date: Mon, 12 Jan 2026 18:26:37 GMT
1 < Content-Type: application/json; charset=utf-8
1 < Content-Length: 79
1 < Connection: keep-alive
1 < X-Powered-By: Express
1 < ETag: W/"4f-RpKuEeQ3Bj2uvDIxIXvc7QRyqm4"
{"code":"1205","message":"ISBN supplied is not available in Books Collection!"}

15:26:37.605 [pool-2-thread-5] INFO  com.intuit.karate - karate.env system property was: null 
15:26:37.608 [pool-2-thread-5] DEBUG com.intuit.karate - request:
1 > GET https://bookstore.demoqa.com/BookStore/v1/Books
1 > Host: bookstore.demoqa.com
1 > Connection: Keep-Alive
1 > User-Agent: Apache-HttpClient/4.5.14 (Java/21.0.6)
1 > Accept-Encoding: gzip,deflate


15:26:38.131 [pool-2-thread-5] DEBUG com.intuit.karate - response time in milliseconds: 522
1 < 200
1 < Server: nginx/1.17.10 (Ubuntu)
1 < Date: Mon, 12 Jan 2026 18:26:38 GMT
1 < Content-Type: application/json; charset=utf-8
1 < Content-Length: 4514
1 < Connection: keep-alive
1 < X-Powered-By: Express
1 < ETag: W/"11a2-8zfX++QwcgaCjSU6F8JP9fUd1tY"
{"books":[{"isbn":"9781449325862","title":"Git Pocket Guide","subTitle":"A Working Introduction","author":"Richard E. Silverman","publish_date":"2020-06-04T08:48:39.000Z","publisher":"O'Reilly Media","pages":234,"description":"This pocket guide is the perfect on-the-job companion to Git, the distributed version control system. It provides a compact, readable introduction to Git for new users, as well as a reference to common commands and procedures for those of you with Git exp","website":"http://chimera.labs.oreilly.com/books/1230000000561/index.html"},{"isbn":"9781449331818","title":"Learning JavaScript Design Patterns","subTitle":"A JavaScript and jQuery Developer's Guide","author":"Addy Osmani","publish_date":"2020-06-04T09:11:40.000Z","publisher":"O'Reilly Media","pages":254,"description":"With Learning JavaScript Design Patterns, you'll learn how to write beautiful, structured, and maintainable JavaScript by applying classical and modern design patterns to the language. If you want to keep your code efficient, more manageable, and up-to-da","website":"http://www.addyosmani.com/resources/essentialjsdesignpatterns/book/"},{"isbn":"9781449337711","title":"Designing Evolvable Web APIs with ASP.NET","subTitle":"Harnessing the Power of the Web","author":"Glenn Block et al.","publish_date":"2020-06-04T09:12:43.000Z","publisher":"O'Reilly Media","pages":238,"description":"Design and build Web APIs for a broad range of clients—including browsers and mobile devices—that can adapt to change over time. This practical, hands-on guide takes you through the theory and tools you need to build evolvable HTTP services with Microsoft","website":"http://chimera.labs.oreilly.com/books/1234000001708/index.html"},{"isbn":"9781449365035","title":"Speaking JavaScript","subTitle":"An In-Depth Guide for Programmers","author":"Axel Rauschmayer","publish_date":"2014-02-01T00:00:00.000Z","publisher":"O'Reilly Media","pages":460,"description":"Like it or not, JavaScript is everywhere these days-from browser to server to mobile-and now you, too, need to learn the language or dive deeper than you have. This concise book guides you into and through JavaScript, written by a veteran programmer who o","website":"http://speakingjs.com/"},{"isbn":"9781491904244","title":"You Don't Know JS","subTitle":"ES6 & Beyond","author":"Kyle Simpson","publish_date":"2015-12-27T00:00:00.000Z","publisher":"O'Reilly Media","pages":278,"description":"No matter how much experience you have with JavaScript, odds are you don’t fully understand the language. As part of the \\\"You Don’t Know JS\\\" series, this compact guide focuses on new features available in ECMAScript 6 (ES6), the latest version of the st","website":"https://github.com/getify/You-Dont-Know-JS/tree/master/es6%20&%20beyond"},{"isbn":"9781491950296","title":"Programming JavaScript Applications","subTitle":"Robust Web Architecture with Node, HTML5, and Modern JS Libraries","author":"Eric Elliott","publish_date":"2014-07-01T00:00:00.000Z","publisher":"O'Reilly Media","pages":254,"description":"Take advantage of JavaScript's power to build robust web-scale or enterprise applications that are easy to extend and maintain. By applying the design patterns outlined in this practical book, experienced JavaScript developers will learn how to write flex","website":"http://chimera.labs.oreilly.com/books/1234000000262/index.html"},{"isbn":"9781593275846","title":"Eloquent JavaScript, Second Edition","subTitle":"A Modern Introduction to Programming","author":"Marijn Haverbeke","publish_date":"2014-12-14T00:00:00.000Z","publisher":"No Starch Press","pages":472,"description":"JavaScript lies at the heart of almost every modern web application, from social apps to the newest browser-based games. Though simple for beginners to pick up and play with, JavaScript is a flexible, complex language that you can use to build full-scale ","website":"http://eloquentjavascript.net/"},{"isbn":"9781593277574","title":"Understanding ECMAScript 6","subTitle":"The Definitive Guide for JavaScript Developers","author":"Nicholas C. Zakas","publish_date":"2016-09-03T00:00:00.000Z","publisher":"No Starch Press","pages":352,"description":"ECMAScript 6 represents the biggest update to the core of JavaScript in the history of the language. In Understanding ECMAScript 6, expert developer Nicholas C. Zakas provides a complete guide to the object types, syntax, and other exciting changes that E","website":"https://leanpub.com/understandinges6/read"}]}

15:26:38.138 [pool-2-thread-5] INFO  com.intuit.karate - karate.env system property was: null 
15:26:38.141 [pool-2-thread-5] INFO  c.intuit.karate.core.FeatureRuntime - classpath:features/users/criarUsuario/criar-usuario.feature - call by tag at line 7: sucesso
15:26:38.145 [pool-2-thread-5] INFO  com.intuit.karate - [print] Rodrigo Araújo 
15:26:38.148 [pool-2-thread-5] DEBUG com.intuit.karate - request:
1 > POST https://bookstore.demoqa.com/Account/v1/User
1 > Content-Type: application/json; charset=UTF-8
1 > Content-Length: 57
1 > Host: bookstore.demoqa.com
1 > Connection: Keep-Alive
1 > User-Agent: Apache-HttpClient/4.5.14 (Java/21.0.6)
1 > Accept-Encoding: gzip,deflate
{"userName":"Rodrigo Araújo","password":"Fulano464553#"}

15:26:38.695 [pool-2-thread-2] DEBUG com.intuit.karate - response time in milliseconds: 1388
1 < 200
1 < Server: nginx/1.17.10 (Ubuntu)
1 < Date: Mon, 12 Jan 2026 18:26:38 GMT
1 < Content-Type: application/json; charset=utf-8
1 < Content-Length: 296
1 < Connection: keep-alive
1 < X-Powered-By: Express
1 < ETag: W/"128-LO4pOA/Kin/o1Y+BzsFlQpcrtxA"
{"token":"eyJhbGciOiJIUzI1NiIsInR5cCI6IkpXVCJ9.eyJ1c2VyTmFtZSI6IkRhbmllbCBNYWNpZWlyYSBOZXRvIiwicGFzc3dvcmQiOiJGdWxhbm80NjQ1NTMjIiwiaWF0IjoxNzY4MjQyMzk3fQ.dOLmtJFqwlvi2hRRIkSFMug837UZkPsNpGZ31_QVo00","expires":"2026-01-19T18:26:37.961Z","status":"Success","result":"User authorized successfully."}

15:26:38.700 [pool-2-thread-2] INFO  com.intuit.karate - [print] eyJhbGciOiJIUzI1NiIsInR5cCI6IkpXVCJ9.eyJ1c2VyTmFtZSI6IkRhbmllbCBNYWNpZWlyYSBOZXRvIiwicGFzc3dvcmQiOiJGdWxhbm80NjQ1NTMjIiwiaWF0IjoxNzY4MjQyMzk3fQ.dOLmtJFqwlvi2hRRIkSFMug837UZkPsNpGZ31_QVo00 
15:26:38.707 [pool-2-thread-2] DEBUG com.intuit.karate - request:
1 > GET https://bookstore.demoqa.com/BookStore/v1/Books
1 > Host: bookstore.demoqa.com
1 > Connection: Keep-Alive
1 > User-Agent: Apache-HttpClient/4.5.14 (Java/21.0.6)
1 > Accept-Encoding: gzip,deflate


15:26:39.218 [pool-2-thread-2] DEBUG com.intuit.karate - response time in milliseconds: 511
1 < 200
1 < Server: nginx/1.17.10 (Ubuntu)
1 < Date: Mon, 12 Jan 2026 18:26:39 GMT
1 < Content-Type: application/json; charset=utf-8
1 < Content-Length: 4514
1 < Connection: keep-alive
1 < X-Powered-By: Express
1 < ETag: W/"11a2-8zfX++QwcgaCjSU6F8JP9fUd1tY"
{"books":[{"isbn":"9781449325862","title":"Git Pocket Guide","subTitle":"A Working Introduction","author":"Richard E. Silverman","publish_date":"2020-06-04T08:48:39.000Z","publisher":"O'Reilly Media","pages":234,"description":"This pocket guide is the perfect on-the-job companion to Git, the distributed version control system. It provides a compact, readable introduction to Git for new users, as well as a reference to common commands and procedures for those of you with Git exp","website":"http://chimera.labs.oreilly.com/books/1230000000561/index.html"},{"isbn":"9781449331818","title":"Learning JavaScript Design Patterns","subTitle":"A JavaScript and jQuery Developer's Guide","author":"Addy Osmani","publish_date":"2020-06-04T09:11:40.000Z","publisher":"O'Reilly Media","pages":254,"description":"With Learning JavaScript Design Patterns, you'll learn how to write beautiful, structured, and maintainable JavaScript by applying classical and modern design patterns to the language. If you want to keep your code efficient, more manageable, and up-to-da","website":"http://www.addyosmani.com/resources/essentialjsdesignpatterns/book/"},{"isbn":"9781449337711","title":"Designing Evolvable Web APIs with ASP.NET","subTitle":"Harnessing the Power of the Web","author":"Glenn Block et al.","publish_date":"2020-06-04T09:12:43.000Z","publisher":"O'Reilly Media","pages":238,"description":"Design and build Web APIs for a broad range of clients—including browsers and mobile devices—that can adapt to change over time. This practical, hands-on guide takes you through the theory and tools you need to build evolvable HTTP services with Microsoft","website":"http://chimera.labs.oreilly.com/books/1234000001708/index.html"},{"isbn":"9781449365035","title":"Speaking JavaScript","subTitle":"An In-Depth Guide for Programmers","author":"Axel Rauschmayer","publish_date":"2014-02-01T00:00:00.000Z","publisher":"O'Reilly Media","pages":460,"description":"Like it or not, JavaScript is everywhere these days-from browser to server to mobile-and now you, too, need to learn the language or dive deeper than you have. This concise book guides you into and through JavaScript, written by a veteran programmer who o","website":"http://speakingjs.com/"},{"isbn":"9781491904244","title":"You Don't Know JS","subTitle":"ES6 & Beyond","author":"Kyle Simpson","publish_date":"2015-12-27T00:00:00.000Z","publisher":"O'Reilly Media","pages":278,"description":"No matter how much experience you have with JavaScript, odds are you don’t fully understand the language. As part of the \\\"You Don’t Know JS\\\" series, this compact guide focuses on new features available in ECMAScript 6 (ES6), the latest version of the st","website":"https://github.com/getify/You-Dont-Know-JS/tree/master/es6%20&%20beyond"},{"isbn":"9781491950296","title":"Programming JavaScript Applications","subTitle":"Robust Web Architecture with Node, HTML5, and Modern JS Libraries","author":"Eric Elliott","publish_date":"2014-07-01T00:00:00.000Z","publisher":"O'Reilly Media","pages":254,"description":"Take advantage of JavaScript's power to build robust web-scale or enterprise applications that are easy to extend and maintain. By applying the design patterns outlined in this practical book, experienced JavaScript developers will learn how to write flex","website":"http://chimera.labs.oreilly.com/books/1234000000262/index.html"},{"isbn":"9781593275846","title":"Eloquent JavaScript, Second Edition","subTitle":"A Modern Introduction to Programming","author":"Marijn Haverbeke","publish_date":"2014-12-14T00:00:00.000Z","publisher":"No Starch Press","pages":472,"description":"JavaScript lies at the heart of almost every modern web application, from social apps to the newest browser-based games. Though simple for beginners to pick up and play with, JavaScript is a flexible, complex language that you can use to build full-scale ","website":"http://eloquentjavascript.net/"},{"isbn":"9781593277574","title":"Understanding ECMAScript 6","subTitle":"The Definitive Guide for JavaScript Developers","author":"Nicholas C. Zakas","publish_date":"2016-09-03T00:00:00.000Z","publisher":"No Starch Press","pages":352,"description":"ECMAScript 6 represents the biggest update to the core of JavaScript in the history of the language. In Understanding ECMAScript 6, expert developer Nicholas C. Zakas provides a complete guide to the object types, syntax, and other exciting changes that E","website":"https://leanpub.com/understandinges6/read"}]}

15:26:39.231 [pool-2-thread-2] DEBUG com.intuit.karate - request:
1 > POST https://bookstore.demoqa.com/BookStore/v1/Books
1 > Authorization: Bearer eyJhbGciOiJIUzI1NiIsInR5cCI6IkpXVCJ9.eyJ1c2VyTmFtZSI6IkRhbmllbCBNYWNpZWlyYSBOZXRvIiwicGFzc3dvcmQiOiJGdWxhbm80NjQ1NTMjIiwiaWF0IjoxNzY4MjQyMzk3fQ.dOLmtJFqwlvi2hRRIkSFMug837UZkPsNpGZ31_QVo00
1 > Content-Type: application/json; charset=UTF-8
1 > Content-Length: 96
1 > Host: bookstore.demoqa.com
1 > Connection: Keep-Alive
1 > User-Agent: Apache-HttpClient/4.5.14 (Java/21.0.6)
1 > Accept-Encoding: gzip,deflate
{"userId":"30df58d3-1214-4e36-a560-d751a6bbec06","collectionOfIsbns":[{"isbn":"0000000000000"}]}

15:26:39.587 [pool-2-thread-3] DEBUG com.intuit.karate - response time in milliseconds: 2279
1 < 200
1 < Server: nginx/1.17.10 (Ubuntu)
1 < Date: Mon, 12 Jan 2026 18:26:39 GMT
1 < Content-Type: application/json; charset=utf-8
1 < Content-Length: 288
1 < Connection: keep-alive
1 < X-Powered-By: Express
1 < ETag: W/"120-OhMNrjqQhB2Zvjl9OAXrm7BsBZM"
{"token":"eyJhbGciOiJIUzI1NiIsInR5cCI6IkpXVCJ9.eyJ1c2VyTmFtZSI6Ikx1Y2FzIENvcXVlaXJvIiwicGFzc3dvcmQiOiJGdWxhbm80NjQ1NTMjIiwiaWF0IjoxNzY4MjQyMzk3fQ.Gp31cWITAKMar1Sb5FHPXaOxmRILtKTU-4bOElFhnQM","expires":"2026-01-19T18:26:37.970Z","status":"Success","result":"User authorized successfully."}

15:26:39.587 [pool-2-thread-5] DEBUG com.intuit.karate - response time in milliseconds: 1439
1 < 201
1 < Server: nginx/1.17.10 (Ubuntu)
1 < Date: Mon, 12 Jan 2026 18:26:39 GMT
1 < Content-Type: application/json; charset=utf-8
1 < Content-Length: 89
1 < Connection: keep-alive
1 < X-Powered-By: Express
1 < ETag: W/"59-PjuMbEHwtL48jNCS8l3hxcYuHl0"
{"userID":"edc5232c-455b-4ef4-8008-64c097da34f6","username":"Rodrigo Araújo","books":[]}

15:26:39.589 [pool-2-thread-3] INFO  com.intuit.karate - [print] eyJhbGciOiJIUzI1NiIsInR5cCI6IkpXVCJ9.eyJ1c2VyTmFtZSI6Ikx1Y2FzIENvcXVlaXJvIiwicGFzc3dvcmQiOiJGdWxhbm80NjQ1NTMjIiwiaWF0IjoxNzY4MjQyMzk3fQ.Gp31cWITAKMar1Sb5FHPXaOxmRILtKTU-4bOElFhnQM 
15:26:39.592 [pool-2-thread-5] DEBUG com.intuit.karate - request:
1 > POST https://bookstore.demoqa.com/Account/v1/GenerateToken
1 > Content-Type: application/json; charset=UTF-8
1 > Content-Length: 57
1 > Host: bookstore.demoqa.com
1 > Connection: Keep-Alive
1 > User-Agent: Apache-HttpClient/4.5.14 (Java/21.0.6)
1 > Accept-Encoding: gzip,deflate
{"userName":"Rodrigo Araújo","password":"Fulano464553#"}

15:26:39.596 [pool-2-thread-3] DEBUG com.intuit.karate - request:
1 > GET https://bookstore.demoqa.com/BookStore/v1/Books
1 > Host: bookstore.demoqa.com
1 > Connection: Keep-Alive
1 > User-Agent: Apache-HttpClient/4.5.14 (Java/21.0.6)
1 > Accept-Encoding: gzip,deflate


15:26:40.063 [pool-2-thread-2] DEBUG com.intuit.karate - response time in milliseconds: 832
1 < 400
1 < Server: nginx/1.17.10 (Ubuntu)
1 < Date: Mon, 12 Jan 2026 18:26:40 GMT
1 < Content-Type: application/json; charset=utf-8
1 < Content-Length: 79
1 < Connection: keep-alive
1 < X-Powered-By: Express
1 < ETag: W/"4f-RpKuEeQ3Bj2uvDIxIXvc7QRyqm4"
{"code":"1205","message":"ISBN supplied is not available in Books Collection!"}

15:26:40.069 [pool-2-thread-2] INFO  com.intuit.karate - karate.env system property was: null 
15:26:40.071 [pool-2-thread-2] INFO  c.intuit.karate.core.FeatureRuntime - classpath:features/users/criarUsuario/criar-usuario.feature - call by tag at line 7: sucesso
15:26:40.074 [pool-2-thread-2] INFO  com.intuit.karate - [print] Davi dos Reis 
15:26:40.075 [pool-2-thread-2] DEBUG com.intuit.karate - request:
1 > POST https://bookstore.demoqa.com/Account/v1/User
1 > Content-Type: application/json; charset=UTF-8
1 > Content-Length: 55
1 > Host: bookstore.demoqa.com
1 > Connection: Keep-Alive
1 > User-Agent: Apache-HttpClient/4.5.14 (Java/21.0.6)
1 > Accept-Encoding: gzip,deflate
{"userName":"Davi dos Reis","password":"Fulano464553#"}

15:26:40.114 [pool-2-thread-3] DEBUG com.intuit.karate - response time in milliseconds: 518
1 < 200
1 < Server: nginx/1.17.10 (Ubuntu)
1 < Date: Mon, 12 Jan 2026 18:26:40 GMT
1 < Content-Type: application/json; charset=utf-8
1 < Content-Length: 4514
1 < Connection: keep-alive
1 < X-Powered-By: Express
1 < ETag: W/"11a2-8zfX++QwcgaCjSU6F8JP9fUd1tY"
{"books":[{"isbn":"9781449325862","title":"Git Pocket Guide","subTitle":"A Working Introduction","author":"Richard E. Silverman","publish_date":"2020-06-04T08:48:39.000Z","publisher":"O'Reilly Media","pages":234,"description":"This pocket guide is the perfect on-the-job companion to Git, the distributed version control system. It provides a compact, readable introduction to Git for new users, as well as a reference to common commands and procedures for those of you with Git exp","website":"http://chimera.labs.oreilly.com/books/1230000000561/index.html"},{"isbn":"9781449331818","title":"Learning JavaScript Design Patterns","subTitle":"A JavaScript and jQuery Developer's Guide","author":"Addy Osmani","publish_date":"2020-06-04T09:11:40.000Z","publisher":"O'Reilly Media","pages":254,"description":"With Learning JavaScript Design Patterns, you'll learn how to write beautiful, structured, and maintainable JavaScript by applying classical and modern design patterns to the language. If you want to keep your code efficient, more manageable, and up-to-da","website":"http://www.addyosmani.com/resources/essentialjsdesignpatterns/book/"},{"isbn":"9781449337711","title":"Designing Evolvable Web APIs with ASP.NET","subTitle":"Harnessing the Power of the Web","author":"Glenn Block et al.","publish_date":"2020-06-04T09:12:43.000Z","publisher":"O'Reilly Media","pages":238,"description":"Design and build Web APIs for a broad range of clients—including browsers and mobile devices—that can adapt to change over time. This practical, hands-on guide takes you through the theory and tools you need to build evolvable HTTP services with Microsoft","website":"http://chimera.labs.oreilly.com/books/1234000001708/index.html"},{"isbn":"9781449365035","title":"Speaking JavaScript","subTitle":"An In-Depth Guide for Programmers","author":"Axel Rauschmayer","publish_date":"2014-02-01T00:00:00.000Z","publisher":"O'Reilly Media","pages":460,"description":"Like it or not, JavaScript is everywhere these days-from browser to server to mobile-and now you, too, need to learn the language or dive deeper than you have. This concise book guides you into and through JavaScript, written by a veteran programmer who o","website":"http://speakingjs.com/"},{"isbn":"9781491904244","title":"You Don't Know JS","subTitle":"ES6 & Beyond","author":"Kyle Simpson","publish_date":"2015-12-27T00:00:00.000Z","publisher":"O'Reilly Media","pages":278,"description":"No matter how much experience you have with JavaScript, odds are you don’t fully understand the language. As part of the \\\"You Don’t Know JS\\\" series, this compact guide focuses on new features available in ECMAScript 6 (ES6), the latest version of the st","website":"https://github.com/getify/You-Dont-Know-JS/tree/master/es6%20&%20beyond"},{"isbn":"9781491950296","title":"Programming JavaScript Applications","subTitle":"Robust Web Architecture with Node, HTML5, and Modern JS Libraries","author":"Eric Elliott","publish_date":"2014-07-01T00:00:00.000Z","publisher":"O'Reilly Media","pages":254,"description":"Take advantage of JavaScript's power to build robust web-scale or enterprise applications that are easy to extend and maintain. By applying the design patterns outlined in this practical book, experienced JavaScript developers will learn how to write flex","website":"http://chimera.labs.oreilly.com/books/1234000000262/index.html"},{"isbn":"9781593275846","title":"Eloquent JavaScript, Second Edition","subTitle":"A Modern Introduction to Programming","author":"Marijn Haverbeke","publish_date":"2014-12-14T00:00:00.000Z","publisher":"No Starch Press","pages":472,"description":"JavaScript lies at the heart of almost every modern web application, from social apps to the newest browser-based games. Though simple for beginners to pick up and play with, JavaScript is a flexible, complex language that you can use to build full-scale ","website":"http://eloquentjavascript.net/"},{"isbn":"9781593277574","title":"Understanding ECMAScript 6","subTitle":"The Definitive Guide for JavaScript Developers","author":"Nicholas C. Zakas","publish_date":"2016-09-03T00:00:00.000Z","publisher":"No Starch Press","pages":352,"description":"ECMAScript 6 represents the biggest update to the core of JavaScript in the history of the language. In Understanding ECMAScript 6, expert developer Nicholas C. Zakas provides a complete guide to the object types, syntax, and other exciting changes that E","website":"https://leanpub.com/understandinges6/read"}]}

15:26:40.123 [pool-2-thread-3] DEBUG com.intuit.karate - request:
1 > POST https://bookstore.demoqa.com/BookStore/v1/Books
1 > Authorization: Bearer eyJhbGciOiJIUzI1NiIsInR5cCI6IkpXVCJ9.eyJ1c2VyTmFtZSI6Ikx1Y2FzIENvcXVlaXJvIiwicGFzc3dvcmQiOiJGdWxhbm80NjQ1NTMjIiwiaWF0IjoxNzY4MjQyMzk3fQ.Gp31cWITAKMar1Sb5FHPXaOxmRILtKTU-4bOElFhnQM
1 > Content-Type: application/json; charset=UTF-8
1 > Content-Length: 96
1 > Host: bookstore.demoqa.com
1 > Connection: Keep-Alive
1 > User-Agent: Apache-HttpClient/4.5.14 (Java/21.0.6)
1 > Accept-Encoding: gzip,deflate
{"userId":"30384a59-c7b7-4ddc-9621-9f3fac5d1575","collectionOfIsbns":[{"isbn":"9781449325862"}]}

15:26:40.314 [pool-2-thread-4] DEBUG com.intuit.karate - response time in milliseconds: 3005
1 < 200
1 < Server: nginx/1.17.10 (Ubuntu)
1 < Date: Mon, 12 Jan 2026 18:26:40 GMT
1 < Content-Type: application/json; charset=utf-8
1 < Content-Length: 304
1 < Connection: keep-alive
1 < X-Powered-By: Express
1 < ETag: W/"130-DVW9EViu6Hu5CcPDqt2WfdjmWe8"
{"token":"eyJhbGciOiJIUzI1NiIsInR5cCI6IkpXVCJ9.eyJ1c2VyTmFtZSI6IlRlcnR1bGlhbm8gZGEgTsOzYnJlZ2EgSnIuIiwicGFzc3dvcmQiOiJGdWxhbm80NjQ1NTMjIiwiaWF0IjoxNzY4MjQyMzk3fQ.gfbZsVNoFmLUmxurmGNMBvVm1XNtJCHZOC-KToGebaQ","expires":"2026-01-19T18:26:37.971Z","status":"Success","result":"User authorized successfully."}

15:26:40.318 [pool-2-thread-4] INFO  com.intuit.karate - [print] eyJhbGciOiJIUzI1NiIsInR5cCI6IkpXVCJ9.eyJ1c2VyTmFtZSI6IlRlcnR1bGlhbm8gZGEgTsOzYnJlZ2EgSnIuIiwicGFzc3dvcmQiOiJGdWxhbm80NjQ1NTMjIiwiaWF0IjoxNzY4MjQyMzk3fQ.gfbZsVNoFmLUmxurmGNMBvVm1XNtJCHZOC-KToGebaQ 
15:26:40.323 [pool-2-thread-4] DEBUG com.intuit.karate - request:
1 > GET https://bookstore.demoqa.com/BookStore/v1/Books
1 > Host: bookstore.demoqa.com
1 > Connection: Keep-Alive
1 > User-Agent: Apache-HttpClient/4.5.14 (Java/21.0.6)
1 > Accept-Encoding: gzip,deflate


15:26:40.835 [pool-2-thread-4] DEBUG com.intuit.karate - response time in milliseconds: 512
1 < 200
1 < Server: nginx/1.17.10 (Ubuntu)
1 < Date: Mon, 12 Jan 2026 18:26:40 GMT
1 < Content-Type: application/json; charset=utf-8
1 < Content-Length: 4514
1 < Connection: keep-alive
1 < X-Powered-By: Express
1 < ETag: W/"11a2-8zfX++QwcgaCjSU6F8JP9fUd1tY"
{"books":[{"isbn":"9781449325862","title":"Git Pocket Guide","subTitle":"A Working Introduction","author":"Richard E. Silverman","publish_date":"2020-06-04T08:48:39.000Z","publisher":"O'Reilly Media","pages":234,"description":"This pocket guide is the perfect on-the-job companion to Git, the distributed version control system. It provides a compact, readable introduction to Git for new users, as well as a reference to common commands and procedures for those of you with Git exp","website":"http://chimera.labs.oreilly.com/books/1230000000561/index.html"},{"isbn":"9781449331818","title":"Learning JavaScript Design Patterns","subTitle":"A JavaScript and jQuery Developer's Guide","author":"Addy Osmani","publish_date":"2020-06-04T09:11:40.000Z","publisher":"O'Reilly Media","pages":254,"description":"With Learning JavaScript Design Patterns, you'll learn how to write beautiful, structured, and maintainable JavaScript by applying classical and modern design patterns to the language. If you want to keep your code efficient, more manageable, and up-to-da","website":"http://www.addyosmani.com/resources/essentialjsdesignpatterns/book/"},{"isbn":"9781449337711","title":"Designing Evolvable Web APIs with ASP.NET","subTitle":"Harnessing the Power of the Web","author":"Glenn Block et al.","publish_date":"2020-06-04T09:12:43.000Z","publisher":"O'Reilly Media","pages":238,"description":"Design and build Web APIs for a broad range of clients—including browsers and mobile devices—that can adapt to change over time. This practical, hands-on guide takes you through the theory and tools you need to build evolvable HTTP services with Microsoft","website":"http://chimera.labs.oreilly.com/books/1234000001708/index.html"},{"isbn":"9781449365035","title":"Speaking JavaScript","subTitle":"An In-Depth Guide for Programmers","author":"Axel Rauschmayer","publish_date":"2014-02-01T00:00:00.000Z","publisher":"O'Reilly Media","pages":460,"description":"Like it or not, JavaScript is everywhere these days-from browser to server to mobile-and now you, too, need to learn the language or dive deeper than you have. This concise book guides you into and through JavaScript, written by a veteran programmer who o","website":"http://speakingjs.com/"},{"isbn":"9781491904244","title":"You Don't Know JS","subTitle":"ES6 & Beyond","author":"Kyle Simpson","publish_date":"2015-12-27T00:00:00.000Z","publisher":"O'Reilly Media","pages":278,"description":"No matter how much experience you have with JavaScript, odds are you don’t fully understand the language. As part of the \\\"You Don’t Know JS\\\" series, this compact guide focuses on new features available in ECMAScript 6 (ES6), the latest version of the st","website":"https://github.com/getify/You-Dont-Know-JS/tree/master/es6%20&%20beyond"},{"isbn":"9781491950296","title":"Programming JavaScript Applications","subTitle":"Robust Web Architecture with Node, HTML5, and Modern JS Libraries","author":"Eric Elliott","publish_date":"2014-07-01T00:00:00.000Z","publisher":"O'Reilly Media","pages":254,"description":"Take advantage of JavaScript's power to build robust web-scale or enterprise applications that are easy to extend and maintain. By applying the design patterns outlined in this practical book, experienced JavaScript developers will learn how to write flex","website":"http://chimera.labs.oreilly.com/books/1234000000262/index.html"},{"isbn":"9781593275846","title":"Eloquent JavaScript, Second Edition","subTitle":"A Modern Introduction to Programming","author":"Marijn Haverbeke","publish_date":"2014-12-14T00:00:00.000Z","publisher":"No Starch Press","pages":472,"description":"JavaScript lies at the heart of almost every modern web application, from social apps to the newest browser-based games. Though simple for beginners to pick up and play with, JavaScript is a flexible, complex language that you can use to build full-scale ","website":"http://eloquentjavascript.net/"},{"isbn":"9781593277574","title":"Understanding ECMAScript 6","subTitle":"The Definitive Guide for JavaScript Developers","author":"Nicholas C. Zakas","publish_date":"2016-09-03T00:00:00.000Z","publisher":"No Starch Press","pages":352,"description":"ECMAScript 6 represents the biggest update to the core of JavaScript in the history of the language. In Understanding ECMAScript 6, expert developer Nicholas C. Zakas provides a complete guide to the object types, syntax, and other exciting changes that E","website":"https://leanpub.com/understandinges6/read"}]}

15:26:40.844 [pool-2-thread-4] DEBUG com.intuit.karate - request:
1 > POST https://bookstore.demoqa.com/BookStore/v1/Books
1 > Authorization: Bearer eyJhbGciOiJIUzI1NiIsInR5cCI6IkpXVCJ9.eyJ1c2VyTmFtZSI6IlRlcnR1bGlhbm8gZGEgTsOzYnJlZ2EgSnIuIiwicGFzc3dvcmQiOiJGdWxhbm80NjQ1NTMjIiwiaWF0IjoxNzY4MjQyMzk3fQ.gfbZsVNoFmLUmxurmGNMBvVm1XNtJCHZOC-KToGebaQ
1 > Content-Type: application/json; charset=UTF-8
1 > Content-Length: 96
1 > Host: bookstore.demoqa.com
1 > Connection: Keep-Alive
1 > User-Agent: Apache-HttpClient/4.5.14 (Java/21.0.6)
1 > Accept-Encoding: gzip,deflate
{"userId":"dee9a6b6-f84e-4417-924f-51b93cc1a652","collectionOfIsbns":[{"isbn":"9781449325862"}]}

15:26:41.062 [pool-2-thread-3] DEBUG com.intuit.karate - response time in milliseconds: 937
1 < 201
1 < Server: nginx/1.17.10 (Ubuntu)
1 < Date: Mon, 12 Jan 2026 18:26:41 GMT
1 < Content-Type: application/json; charset=utf-8
1 < Content-Length: 36
1 < Connection: keep-alive
1 < X-Powered-By: Express
1 < ETag: W/"24-2U7DK3nFgERO/LjA8mW3SiqYyFc"
{"books":[{"isbn":"9781449325862"}]}

15:26:41.071 [pool-2-thread-3] DEBUG com.intuit.karate - request:
1 > GET https://bookstore.demoqa.com/BookStore/v1/Books
1 > Host: bookstore.demoqa.com
1 > Connection: Keep-Alive
1 > User-Agent: Apache-HttpClient/4.5.14 (Java/21.0.6)
1 > Accept-Encoding: gzip,deflate


15:26:41.537 [pool-2-thread-2] DEBUG com.intuit.karate - response time in milliseconds: 1461
1 < 201
1 < Server: nginx/1.17.10 (Ubuntu)
1 < Date: Mon, 12 Jan 2026 18:26:41 GMT
1 < Content-Type: application/json; charset=utf-8
1 < Content-Length: 87
1 < Connection: keep-alive
1 < X-Powered-By: Express
1 < ETag: W/"57-p+/AxVtPcRcwTPBdy0buNRjf82Y"
{"userID":"1170d0c1-1724-4ccf-9459-60cab0aee858","username":"Davi dos Reis","books":[]}

15:26:41.537 [pool-2-thread-1] DEBUG com.intuit.karate - response time in milliseconds: 4058
1 < 200
1 < Server: nginx/1.17.10 (Ubuntu)
1 < Date: Mon, 12 Jan 2026 18:26:41 GMT
1 < Content-Type: application/json; charset=utf-8
1 < Content-Length: 285
1 < Connection: keep-alive
1 < X-Powered-By: Express
1 < ETag: W/"11d-Why89Q4aPgQgP13KnsPU6BzBDVs"
{"token":"eyJhbGciOiJIUzI1NiIsInR5cCI6IkpXVCJ9.eyJ1c2VyTmFtZSI6IldhcmxleSBTb3V6YSIsInBhc3N3b3JkIjoiRnVsYW5vNDY0NTUzIyIsImlhdCI6MTc2ODI0MjM5OH0.eOFba0mrjc9gABrlwa-fO5dZRLW_yDqdD0OuS4gHpo8","expires":"2026-01-19T18:26:38.152Z","status":"Success","result":"User authorized successfully."}

15:26:41.540 [pool-2-thread-1] INFO  com.intuit.karate - [print] eyJhbGciOiJIUzI1NiIsInR5cCI6IkpXVCJ9.eyJ1c2VyTmFtZSI6IldhcmxleSBTb3V6YSIsInBhc3N3b3JkIjoiRnVsYW5vNDY0NTUzIyIsImlhdCI6MTc2ODI0MjM5OH0.eOFba0mrjc9gABrlwa-fO5dZRLW_yDqdD0OuS4gHpo8 
15:26:41.541 [pool-2-thread-2] DEBUG com.intuit.karate - request:
1 > POST https://bookstore.demoqa.com/Account/v1/GenerateToken
1 > Content-Type: application/json; charset=UTF-8
1 > Content-Length: 60
1 > Host: bookstore.demoqa.com
1 > Connection: Keep-Alive
1 > User-Agent: Apache-HttpClient/4.5.14 (Java/21.0.6)
1 > Accept-Encoding: gzip,deflate
{"userName":"Davi dos Reis","password":"senhaIncorreta132@"}

15:26:41.544 [pool-2-thread-1] DEBUG com.intuit.karate - request:
1 > GET https://bookstore.demoqa.com/BookStore/v1/Books
1 > Host: bookstore.demoqa.com
1 > Connection: Keep-Alive
1 > User-Agent: Apache-HttpClient/4.5.14 (Java/21.0.6)
1 > Accept-Encoding: gzip,deflate


15:26:41.571 [pool-2-thread-3] DEBUG com.intuit.karate - response time in milliseconds: 500
1 < 200
1 < Server: nginx/1.17.10 (Ubuntu)
1 < Date: Mon, 12 Jan 2026 18:26:41 GMT
1 < Content-Type: application/json; charset=utf-8
1 < Content-Length: 4514
1 < Connection: keep-alive
1 < X-Powered-By: Express
1 < ETag: W/"11a2-8zfX++QwcgaCjSU6F8JP9fUd1tY"
{"books":[{"isbn":"9781449325862","title":"Git Pocket Guide","subTitle":"A Working Introduction","author":"Richard E. Silverman","publish_date":"2020-06-04T08:48:39.000Z","publisher":"O'Reilly Media","pages":234,"description":"This pocket guide is the perfect on-the-job companion to Git, the distributed version control system. It provides a compact, readable introduction to Git for new users, as well as a reference to common commands and procedures for those of you with Git exp","website":"http://chimera.labs.oreilly.com/books/1230000000561/index.html"},{"isbn":"9781449331818","title":"Learning JavaScript Design Patterns","subTitle":"A JavaScript and jQuery Developer's Guide","author":"Addy Osmani","publish_date":"2020-06-04T09:11:40.000Z","publisher":"O'Reilly Media","pages":254,"description":"With Learning JavaScript Design Patterns, you'll learn how to write beautiful, structured, and maintainable JavaScript by applying classical and modern design patterns to the language. If you want to keep your code efficient, more manageable, and up-to-da","website":"http://www.addyosmani.com/resources/essentialjsdesignpatterns/book/"},{"isbn":"9781449337711","title":"Designing Evolvable Web APIs with ASP.NET","subTitle":"Harnessing the Power of the Web","author":"Glenn Block et al.","publish_date":"2020-06-04T09:12:43.000Z","publisher":"O'Reilly Media","pages":238,"description":"Design and build Web APIs for a broad range of clients—including browsers and mobile devices—that can adapt to change over time. This practical, hands-on guide takes you through the theory and tools you need to build evolvable HTTP services with Microsoft","website":"http://chimera.labs.oreilly.com/books/1234000001708/index.html"},{"isbn":"9781449365035","title":"Speaking JavaScript","subTitle":"An In-Depth Guide for Programmers","author":"Axel Rauschmayer","publish_date":"2014-02-01T00:00:00.000Z","publisher":"O'Reilly Media","pages":460,"description":"Like it or not, JavaScript is everywhere these days-from browser to server to mobile-and now you, too, need to learn the language or dive deeper than you have. This concise book guides you into and through JavaScript, written by a veteran programmer who o","website":"http://speakingjs.com/"},{"isbn":"9781491904244","title":"You Don't Know JS","subTitle":"ES6 & Beyond","author":"Kyle Simpson","publish_date":"2015-12-27T00:00:00.000Z","publisher":"O'Reilly Media","pages":278,"description":"No matter how much experience you have with JavaScript, odds are you don’t fully understand the language. As part of the \\\"You Don’t Know JS\\\" series, this compact guide focuses on new features available in ECMAScript 6 (ES6), the latest version of the st","website":"https://github.com/getify/You-Dont-Know-JS/tree/master/es6%20&%20beyond"},{"isbn":"9781491950296","title":"Programming JavaScript Applications","subTitle":"Robust Web Architecture with Node, HTML5, and Modern JS Libraries","author":"Eric Elliott","publish_date":"2014-07-01T00:00:00.000Z","publisher":"O'Reilly Media","pages":254,"description":"Take advantage of JavaScript's power to build robust web-scale or enterprise applications that are easy to extend and maintain. By applying the design patterns outlined in this practical book, experienced JavaScript developers will learn how to write flex","website":"http://chimera.labs.oreilly.com/books/1234000000262/index.html"},{"isbn":"9781593275846","title":"Eloquent JavaScript, Second Edition","subTitle":"A Modern Introduction to Programming","author":"Marijn Haverbeke","publish_date":"2014-12-14T00:00:00.000Z","publisher":"No Starch Press","pages":472,"description":"JavaScript lies at the heart of almost every modern web application, from social apps to the newest browser-based games. Though simple for beginners to pick up and play with, JavaScript is a flexible, complex language that you can use to build full-scale ","website":"http://eloquentjavascript.net/"},{"isbn":"9781593277574","title":"Understanding ECMAScript 6","subTitle":"The Definitive Guide for JavaScript Developers","author":"Nicholas C. Zakas","publish_date":"2016-09-03T00:00:00.000Z","publisher":"No Starch Press","pages":352,"description":"ECMAScript 6 represents the biggest update to the core of JavaScript in the history of the language. In Understanding ECMAScript 6, expert developer Nicholas C. Zakas provides a complete guide to the object types, syntax, and other exciting changes that E","website":"https://leanpub.com/understandinges6/read"}]}

15:26:41.574 [pool-2-thread-3] DEBUG c.intuit.karate.core.ScenarioEngine - over-writing existing variable 'livros' with new value: response.books
15:26:41.575 [pool-2-thread-3] INFO  com.intuit.karate - [print] Este é o livro 9781449325862 
15:26:41.577 [pool-2-thread-3] INFO  com.intuit.karate - [print] Este é o novo livro9781449331818 
15:26:41.578 [pool-2-thread-3] DEBUG c.intuit.karate.core.ScenarioEngine - over-writing existing variable 'body' with new value: {
  "userId": "#(usuarioId)",
  "isbn": "#(isbnNovo)"
}
15:26:41.586 [pool-2-thread-3] DEBUG com.intuit.karate - request:
1 > PUT https://bookstore.demoqa.com/BookStore/v1/Books/9781449325862
1 > Authorization: Bearer eyJhbGciOiJIUzI1NiIsInR5cCI6IkpXVCJ9.eyJ1c2VyTmFtZSI6Ikx1Y2FzIENvcXVlaXJvIiwicGFzc3dvcmQiOiJGdWxhbm80NjQ1NTMjIiwiaWF0IjoxNzY4MjQyMzk3fQ.Gp31cWITAKMar1Sb5FHPXaOxmRILtKTU-4bOElFhnQM
1 > Content-Type: application/json; charset=UTF-8
1 > Content-Length: 72
1 > Host: bookstore.demoqa.com
1 > Connection: Keep-Alive
1 > User-Agent: Apache-HttpClient/4.5.14 (Java/21.0.6)
1 > Accept-Encoding: gzip,deflate
{"userId":"30384a59-c7b7-4ddc-9621-9f3fac5d1575","isbn":"9781449331818"}

15:26:41.698 [pool-2-thread-4] DEBUG com.intuit.karate - response time in milliseconds: 853
1 < 201
1 < Server: nginx/1.17.10 (Ubuntu)
1 < Date: Mon, 12 Jan 2026 18:26:41 GMT
1 < Content-Type: application/json; charset=utf-8
1 < Content-Length: 36
1 < Connection: keep-alive
1 < X-Powered-By: Express
1 < ETag: W/"24-2U7DK3nFgERO/LjA8mW3SiqYyFc"
{"books":[{"isbn":"9781449325862"}]}

15:26:41.704 [pool-2-thread-4] DEBUG com.intuit.karate - request:
1 > GET https://bookstore.demoqa.com/BookStore/v1/Books
1 > Host: bookstore.demoqa.com
1 > Connection: Keep-Alive
1 > User-Agent: Apache-HttpClient/4.5.14 (Java/21.0.6)
1 > Accept-Encoding: gzip,deflate


15:26:42.075 [pool-2-thread-1] DEBUG com.intuit.karate - response time in milliseconds: 530
1 < 200
1 < Server: nginx/1.17.10 (Ubuntu)
1 < Date: Mon, 12 Jan 2026 18:26:42 GMT
1 < Content-Type: application/json; charset=utf-8
1 < Content-Length: 4514
1 < Connection: keep-alive
1 < X-Powered-By: Express
1 < ETag: W/"11a2-8zfX++QwcgaCjSU6F8JP9fUd1tY"
{"books":[{"isbn":"9781449325862","title":"Git Pocket Guide","subTitle":"A Working Introduction","author":"Richard E. Silverman","publish_date":"2020-06-04T08:48:39.000Z","publisher":"O'Reilly Media","pages":234,"description":"This pocket guide is the perfect on-the-job companion to Git, the distributed version control system. It provides a compact, readable introduction to Git for new users, as well as a reference to common commands and procedures for those of you with Git exp","website":"http://chimera.labs.oreilly.com/books/1230000000561/index.html"},{"isbn":"9781449331818","title":"Learning JavaScript Design Patterns","subTitle":"A JavaScript and jQuery Developer's Guide","author":"Addy Osmani","publish_date":"2020-06-04T09:11:40.000Z","publisher":"O'Reilly Media","pages":254,"description":"With Learning JavaScript Design Patterns, you'll learn how to write beautiful, structured, and maintainable JavaScript by applying classical and modern design patterns to the language. If you want to keep your code efficient, more manageable, and up-to-da","website":"http://www.addyosmani.com/resources/essentialjsdesignpatterns/book/"},{"isbn":"9781449337711","title":"Designing Evolvable Web APIs with ASP.NET","subTitle":"Harnessing the Power of the Web","author":"Glenn Block et al.","publish_date":"2020-06-04T09:12:43.000Z","publisher":"O'Reilly Media","pages":238,"description":"Design and build Web APIs for a broad range of clients—including browsers and mobile devices—that can adapt to change over time. This practical, hands-on guide takes you through the theory and tools you need to build evolvable HTTP services with Microsoft","website":"http://chimera.labs.oreilly.com/books/1234000001708/index.html"},{"isbn":"9781449365035","title":"Speaking JavaScript","subTitle":"An In-Depth Guide for Programmers","author":"Axel Rauschmayer","publish_date":"2014-02-01T00:00:00.000Z","publisher":"O'Reilly Media","pages":460,"description":"Like it or not, JavaScript is everywhere these days-from browser to server to mobile-and now you, too, need to learn the language or dive deeper than you have. This concise book guides you into and through JavaScript, written by a veteran programmer who o","website":"http://speakingjs.com/"},{"isbn":"9781491904244","title":"You Don't Know JS","subTitle":"ES6 & Beyond","author":"Kyle Simpson","publish_date":"2015-12-27T00:00:00.000Z","publisher":"O'Reilly Media","pages":278,"description":"No matter how much experience you have with JavaScript, odds are you don’t fully understand the language. As part of the \\\"You Don’t Know JS\\\" series, this compact guide focuses on new features available in ECMAScript 6 (ES6), the latest version of the st","website":"https://github.com/getify/You-Dont-Know-JS/tree/master/es6%20&%20beyond"},{"isbn":"9781491950296","title":"Programming JavaScript Applications","subTitle":"Robust Web Architecture with Node, HTML5, and Modern JS Libraries","author":"Eric Elliott","publish_date":"2014-07-01T00:00:00.000Z","publisher":"O'Reilly Media","pages":254,"description":"Take advantage of JavaScript's power to build robust web-scale or enterprise applications that are easy to extend and maintain. By applying the design patterns outlined in this practical book, experienced JavaScript developers will learn how to write flex","website":"http://chimera.labs.oreilly.com/books/1234000000262/index.html"},{"isbn":"9781593275846","title":"Eloquent JavaScript, Second Edition","subTitle":"A Modern Introduction to Programming","author":"Marijn Haverbeke","publish_date":"2014-12-14T00:00:00.000Z","publisher":"No Starch Press","pages":472,"description":"JavaScript lies at the heart of almost every modern web application, from social apps to the newest browser-based games. Though simple for beginners to pick up and play with, JavaScript is a flexible, complex language that you can use to build full-scale ","website":"http://eloquentjavascript.net/"},{"isbn":"9781593277574","title":"Understanding ECMAScript 6","subTitle":"The Definitive Guide for JavaScript Developers","author":"Nicholas C. Zakas","publish_date":"2016-09-03T00:00:00.000Z","publisher":"No Starch Press","pages":352,"description":"ECMAScript 6 represents the biggest update to the core of JavaScript in the history of the language. In Understanding ECMAScript 6, expert developer Nicholas C. Zakas provides a complete guide to the object types, syntax, and other exciting changes that E","website":"https://leanpub.com/understandinges6/read"}]}

15:26:42.082 [pool-2-thread-1] DEBUG com.intuit.karate - request:
1 > POST https://bookstore.demoqa.com/BookStore/v1/Books
1 > Authorization: Bearer eyJhbGciOiJIUzI1NiIsInR5cCI6IkpXVCJ9.eyJ1c2VyTmFtZSI6IldhcmxleSBTb3V6YSIsInBhc3N3b3JkIjoiRnVsYW5vNDY0NTUzIyIsImlhdCI6MTc2ODI0MjM5OH0.eOFba0mrjc9gABrlwa-fO5dZRLW_yDqdD0OuS4gHpo8
1 > Content-Type: application/json; charset=UTF-8
1 > Content-Length: 96
1 > Host: bookstore.demoqa.com
1 > Connection: Keep-Alive
1 > User-Agent: Apache-HttpClient/4.5.14 (Java/21.0.6)
1 > Accept-Encoding: gzip,deflate
{"userId":"532f41d0-64d6-48c3-8036-852d86830f35","collectionOfIsbns":[{"isbn":"9781449325862"}]}

15:26:42.223 [pool-2-thread-4] DEBUG com.intuit.karate - response time in milliseconds: 518
1 < 200
1 < Server: nginx/1.17.10 (Ubuntu)
1 < Date: Mon, 12 Jan 2026 18:26:42 GMT
1 < Content-Type: application/json; charset=utf-8
1 < Content-Length: 4514
1 < Connection: keep-alive
1 < X-Powered-By: Express
1 < ETag: W/"11a2-8zfX++QwcgaCjSU6F8JP9fUd1tY"
{"books":[{"isbn":"9781449325862","title":"Git Pocket Guide","subTitle":"A Working Introduction","author":"Richard E. Silverman","publish_date":"2020-06-04T08:48:39.000Z","publisher":"O'Reilly Media","pages":234,"description":"This pocket guide is the perfect on-the-job companion to Git, the distributed version control system. It provides a compact, readable introduction to Git for new users, as well as a reference to common commands and procedures for those of you with Git exp","website":"http://chimera.labs.oreilly.com/books/1230000000561/index.html"},{"isbn":"9781449331818","title":"Learning JavaScript Design Patterns","subTitle":"A JavaScript and jQuery Developer's Guide","author":"Addy Osmani","publish_date":"2020-06-04T09:11:40.000Z","publisher":"O'Reilly Media","pages":254,"description":"With Learning JavaScript Design Patterns, you'll learn how to write beautiful, structured, and maintainable JavaScript by applying classical and modern design patterns to the language. If you want to keep your code efficient, more manageable, and up-to-da","website":"http://www.addyosmani.com/resources/essentialjsdesignpatterns/book/"},{"isbn":"9781449337711","title":"Designing Evolvable Web APIs with ASP.NET","subTitle":"Harnessing the Power of the Web","author":"Glenn Block et al.","publish_date":"2020-06-04T09:12:43.000Z","publisher":"O'Reilly Media","pages":238,"description":"Design and build Web APIs for a broad range of clients—including browsers and mobile devices—that can adapt to change over time. This practical, hands-on guide takes you through the theory and tools you need to build evolvable HTTP services with Microsoft","website":"http://chimera.labs.oreilly.com/books/1234000001708/index.html"},{"isbn":"9781449365035","title":"Speaking JavaScript","subTitle":"An In-Depth Guide for Programmers","author":"Axel Rauschmayer","publish_date":"2014-02-01T00:00:00.000Z","publisher":"O'Reilly Media","pages":460,"description":"Like it or not, JavaScript is everywhere these days-from browser to server to mobile-and now you, too, need to learn the language or dive deeper than you have. This concise book guides you into and through JavaScript, written by a veteran programmer who o","website":"http://speakingjs.com/"},{"isbn":"9781491904244","title":"You Don't Know JS","subTitle":"ES6 & Beyond","author":"Kyle Simpson","publish_date":"2015-12-27T00:00:00.000Z","publisher":"O'Reilly Media","pages":278,"description":"No matter how much experience you have with JavaScript, odds are you don’t fully understand the language. As part of the \\\"You Don’t Know JS\\\" series, this compact guide focuses on new features available in ECMAScript 6 (ES6), the latest version of the st","website":"https://github.com/getify/You-Dont-Know-JS/tree/master/es6%20&%20beyond"},{"isbn":"9781491950296","title":"Programming JavaScript Applications","subTitle":"Robust Web Architecture with Node, HTML5, and Modern JS Libraries","author":"Eric Elliott","publish_date":"2014-07-01T00:00:00.000Z","publisher":"O'Reilly Media","pages":254,"description":"Take advantage of JavaScript's power to build robust web-scale or enterprise applications that are easy to extend and maintain. By applying the design patterns outlined in this practical book, experienced JavaScript developers will learn how to write flex","website":"http://chimera.labs.oreilly.com/books/1234000000262/index.html"},{"isbn":"9781593275846","title":"Eloquent JavaScript, Second Edition","subTitle":"A Modern Introduction to Programming","author":"Marijn Haverbeke","publish_date":"2014-12-14T00:00:00.000Z","publisher":"No Starch Press","pages":472,"description":"JavaScript lies at the heart of almost every modern web application, from social apps to the newest browser-based games. Though simple for beginners to pick up and play with, JavaScript is a flexible, complex language that you can use to build full-scale ","website":"http://eloquentjavascript.net/"},{"isbn":"9781593277574","title":"Understanding ECMAScript 6","subTitle":"The Definitive Guide for JavaScript Developers","author":"Nicholas C. Zakas","publish_date":"2016-09-03T00:00:00.000Z","publisher":"No Starch Press","pages":352,"description":"ECMAScript 6 represents the biggest update to the core of JavaScript in the history of the language. In Understanding ECMAScript 6, expert developer Nicholas C. Zakas provides a complete guide to the object types, syntax, and other exciting changes that E","website":"https://leanpub.com/understandinges6/read"}]}

15:26:42.225 [pool-2-thread-4] DEBUG c.intuit.karate.core.ScenarioEngine - over-writing existing variable 'livros' with new value: response.books
15:26:42.227 [pool-2-thread-4] INFO  com.intuit.karate - [print] Este é o livro 9781449325862 
15:26:42.227 [pool-2-thread-4] INFO  com.intuit.karate - [print] Este é o novo livro9781449331818 
15:26:42.228 [pool-2-thread-4] DEBUG c.intuit.karate.core.ScenarioEngine - over-writing existing variable 'body' with new value: {
  "userId": "#(usuarioId)",
  "isbn": "0000000000000"
}
15:26:42.229 [pool-2-thread-4] DEBUG com.intuit.karate - request:
1 > PUT https://bookstore.demoqa.com/BookStore/v1/Books/9781449325862
1 > Authorization: Bearer eyJhbGciOiJIUzI1NiIsInR5cCI6IkpXVCJ9.eyJ1c2VyTmFtZSI6IlRlcnR1bGlhbm8gZGEgTsOzYnJlZ2EgSnIuIiwicGFzc3dvcmQiOiJGdWxhbm80NjQ1NTMjIiwiaWF0IjoxNzY4MjQyMzk3fQ.gfbZsVNoFmLUmxurmGNMBvVm1XNtJCHZOC-KToGebaQ
1 > Content-Type: application/json; charset=UTF-8
1 > Content-Length: 72
1 > Host: bookstore.demoqa.com
1 > Connection: Keep-Alive
1 > User-Agent: Apache-HttpClient/4.5.14 (Java/21.0.6)
1 > Accept-Encoding: gzip,deflate
{"userId":"dee9a6b6-f84e-4417-924f-51b93cc1a652","isbn":"0000000000000"}

15:26:42.742 [pool-2-thread-4] DEBUG com.intuit.karate - response time in milliseconds: 511
1 < 400
1 < Server: nginx/1.17.10 (Ubuntu)
1 < Date: Mon, 12 Jan 2026 18:26:42 GMT
1 < Content-Type: application/json; charset=utf-8
1 < Content-Length: 79
1 < Connection: keep-alive
1 < X-Powered-By: Express
1 < ETag: W/"4f-RpKuEeQ3Bj2uvDIxIXvc7QRyqm4"
{"code":"1205","message":"ISBN supplied is not available in Books Collection!"}

15:26:42.747 [pool-2-thread-4] INFO  com.intuit.karate - karate.env system property was: null 
15:26:42.749 [pool-2-thread-4] INFO  com.intuit.karate - [print] Valentina de Lins Filho 
15:26:42.750 [pool-2-thread-4] DEBUG com.intuit.karate - request:
1 > POST https://bookstore.demoqa.com/Account/v1/User
1 > Content-Type: application/json; charset=UTF-8
1 > Content-Length: 65
1 > Host: bookstore.demoqa.com
1 > Connection: Keep-Alive
1 > User-Agent: Apache-HttpClient/4.5.14 (Java/21.0.6)
1 > Accept-Encoding: gzip,deflate
{"userName":"Valentina de Lins Filho","password":"Fulano464553#"}

15:26:42.852 [pool-2-thread-1] DEBUG com.intuit.karate - response time in milliseconds: 769
1 < 201
1 < Server: nginx/1.17.10 (Ubuntu)
1 < Date: Mon, 12 Jan 2026 18:26:42 GMT
1 < Content-Type: application/json; charset=utf-8
1 < Content-Length: 36
1 < Connection: keep-alive
1 < X-Powered-By: Express
1 < ETag: W/"24-2U7DK3nFgERO/LjA8mW3SiqYyFc"
{"books":[{"isbn":"9781449325862"}]}

15:26:42.856 [pool-2-thread-1] INFO  com.intuit.karate - karate.env system property was: null 
15:26:42.867 [pool-2-thread-1] DEBUG com.intuit.karate - request:
1 > POST https://bookstore.demoqa.com/Account/v1/User
1 > Content-Type: application/json; charset=UTF-8
1 > Content-Length: 51
1 > Host: bookstore.demoqa.com
1 > Connection: Keep-Alive
1 > User-Agent: Apache-HttpClient/4.5.14 (Java/21.0.6)
1 > Accept-Encoding: gzip,deflate
{"userName":"#(nomeUsuario)","password":"#(senha)"}

15:26:42.961 [pool-2-thread-5] DEBUG com.intuit.karate - response time in milliseconds: 3368
1 < 200
1 < Server: nginx/1.17.10 (Ubuntu)
1 < Date: Mon, 12 Jan 2026 18:26:43 GMT
1 < Content-Type: application/json; charset=utf-8
1 < Content-Length: 289
1 < Connection: keep-alive
1 < X-Powered-By: Express
1 < ETag: W/"121-/JEKDiGqKXLdjTzTPMwAxdIbPgA"
{"token":"eyJhbGciOiJIUzI1NiIsInR5cCI6IkpXVCJ9.eyJ1c2VyTmFtZSI6IlJvZHJpZ28gQXJhw7pqbyIsInBhc3N3b3JkIjoiRnVsYW5vNDY0NTUzIyIsImlhdCI6MTc2ODI0MjQwMH0.NYfrGpqfgTmlcKOnI32TnJw9Fkq6eCIsk8CQ2SyIuuY","expires":"2026-01-19T18:26:40.245Z","status":"Success","result":"User authorized successfully."}

15:26:42.963 [pool-2-thread-5] INFO  com.intuit.karate - [print] eyJhbGciOiJIUzI1NiIsInR5cCI6IkpXVCJ9.eyJ1c2VyTmFtZSI6IlJvZHJpZ28gQXJhw7pqbyIsInBhc3N3b3JkIjoiRnVsYW5vNDY0NTUzIyIsImlhdCI6MTc2ODI0MjQwMH0.NYfrGpqfgTmlcKOnI32TnJw9Fkq6eCIsk8CQ2SyIuuY 
15:26:42.967 [pool-2-thread-5] INFO  com.intuit.karate - karate.env system property was: null 
15:26:42.969 [pool-2-thread-5] INFO  c.intuit.karate.core.FeatureRuntime - classpath:features/gerarToken/auth.feature - call by tag at line 8: sucesso
15:26:42.972 [pool-2-thread-5] INFO  c.intuit.karate.core.FeatureRuntime - classpath:features/users/criarUsuario/criar-usuario.feature - call by tag at line 7: sucesso
15:26:42.975 [pool-2-thread-5] INFO  com.intuit.karate - [print] Sra. João Samuel Grotas 
15:26:42.977 [pool-2-thread-5] DEBUG com.intuit.karate - request:
1 > POST https://bookstore.demoqa.com/Account/v1/User
1 > Content-Type: application/json; charset=UTF-8
1 > Content-Length: 66
1 > Host: bookstore.demoqa.com
1 > Connection: Keep-Alive
1 > User-Agent: Apache-HttpClient/4.5.14 (Java/21.0.6)
1 > Accept-Encoding: gzip,deflate
{"userName":"Sra. João Samuel Grotas","password":"Fulano464553#"}

15:26:43.023 [pool-2-thread-3] DEBUG com.intuit.karate - response time in milliseconds: 1437
1 < 200
1 < Server: nginx/1.17.10 (Ubuntu)
1 < Date: Mon, 12 Jan 2026 18:26:43 GMT
1 < Content-Type: application/json; charset=utf-8
1 < Content-Length: 671
1 < Connection: keep-alive
1 < X-Powered-By: Express
1 < ETag: W/"29f-FcAdBOZ93xsbv5Xp3KKDt68wzpw"
{"userId":"30384a59-c7b7-4ddc-9621-9f3fac5d1575","username":"Lucas Coqueiro","books":[{"isbn":"9781449331818","title":"Learning JavaScript Design Patterns","subTitle":"A JavaScript and jQuery Developer's Guide","author":"Addy Osmani","publish_date":"2020-06-04T09:11:40.000Z","publisher":"O'Reilly Media","pages":254,"description":"With Learning JavaScript Design Patterns, you'll learn how to write beautiful, structured, and maintainable JavaScript by applying classical and modern design patterns to the language. If you want to keep your code efficient, more manageable, and up-to-da","website":"http://www.addyosmani.com/resources/essentialjsdesignpatterns/book/"}]}

15:26:43.031 [pool-2-thread-3] INFO  com.intuit.karate - karate.env system property was: null 
15:26:43.033 [pool-2-thread-3] INFO  c.intuit.karate.core.FeatureRuntime - classpath:features/gerarToken/auth.feature - call by tag at line 8: sucesso
15:26:43.037 [pool-2-thread-3] INFO  c.intuit.karate.core.FeatureRuntime - classpath:features/users/criarUsuario/criar-usuario.feature - call by tag at line 7: sucesso
15:26:43.041 [pool-2-thread-3] INFO  com.intuit.karate - [print] Felícia da Fonseca 
15:26:43.043 [pool-2-thread-3] DEBUG com.intuit.karate - request:
1 > POST https://bookstore.demoqa.com/Account/v1/User
1 > Content-Type: application/json; charset=UTF-8
1 > Content-Length: 61
1 > Host: bookstore.demoqa.com
1 > Connection: Keep-Alive
1 > User-Agent: Apache-HttpClient/4.5.14 (Java/21.0.6)
1 > Accept-Encoding: gzip,deflate
{"userName":"Felícia da Fonseca","password":"Fulano464553#"}

15:26:43.379 [pool-2-thread-1] DEBUG com.intuit.karate - response time in milliseconds: 512
1 < 400
1 < Server: nginx/1.17.10 (Ubuntu)
1 < Date: Mon, 12 Jan 2026 18:26:43 GMT
1 < Content-Type: application/json; charset=utf-8
1 < Content-Length: 230
1 < Connection: keep-alive
1 < X-Powered-By: Express
1 < ETag: W/"e6-Suxub+fxI99/3YEWz5cjyd3KlvQ"
{"code":"1300","message":"Passwords must have at least one non alphanumeric character, one digit ('0'-'9'), one uppercase ('A'-'Z'), one lowercase ('a'-'z'), one special character and Password must be eight characters or longer."}

---------------------------------------------------------
feature: classpath:features/books/adicionarLivro/adicionar-livro.feature
scenarios:  2 | passed:  2 | failed:  0 | time: 13,0736
---------------------------------------------------------

15:26:43.517 [pool-3-thread-1] INFO  com.intuit.karate.Suite - <<pass>> feature 1 of 7 (6 remaining) classpath:features/books/adicionarLivro/adicionar-livro.feature
---------------------------------------------------------
feature: classpath:features/books/alterarLivro/alterar-livro.feature
scenarios:  2 | passed:  2 | failed:  0 | time: 15,9254
---------------------------------------------------------

15:26:43.702 [pool-3-thread-1] INFO  com.intuit.karate.Suite - <<pass>> feature 2 of 7 (5 remaining) classpath:features/books/alterarLivro/alterar-livro.feature
---------------------------------------------------------
feature: classpath:features/books/buscarLivros/buscar-isbn.feature
scenarios:  2 | passed:  2 | failed:  0 | time: 2,6729
---------------------------------------------------------

15:26:43.748 [pool-3-thread-1] INFO  com.intuit.karate.Suite - <<pass>> feature 3 of 7 (4 remaining) classpath:features/books/buscarLivros/buscar-isbn.feature
---------------------------------------------------------
feature: classpath:features/books/buscarLivros/buscar-livros.feature
scenarios:  1 | passed:  1 | failed:  0 | time: 0,5276
---------------------------------------------------------

15:26:43.770 [pool-3-thread-1] INFO  com.intuit.karate.Suite - <<pass>> feature 4 of 7 (3 remaining) classpath:features/books/buscarLivros/buscar-livros.feature
15:26:44.067 [pool-2-thread-2] DEBUG com.intuit.karate - response time in milliseconds: 2525
1 < 200
1 < Server: nginx/1.17.10 (Ubuntu)
1 < Date: Mon, 12 Jan 2026 18:26:44 GMT
1 < Content-Type: application/json; charset=utf-8
1 < Content-Length: 85
1 < Connection: keep-alive
1 < X-Powered-By: Express
1 < ETag: W/"55-uDqoBYBzbvMfwcbBiE9kdrLOtHY"
{"token":null,"expires":null,"status":"Failed","result":"User authorization failed."}

15:26:44.068 [pool-2-thread-4] DEBUG com.intuit.karate - response time in milliseconds: 1318
1 < 201
1 < Server: nginx/1.17.10 (Ubuntu)
1 < Date: Mon, 12 Jan 2026 18:26:44 GMT
1 < Content-Type: application/json; charset=utf-8
1 < Content-Length: 97
1 < Connection: keep-alive
1 < X-Powered-By: Express
1 < ETag: W/"61-7AXuf+OfatIi+0wN9NR8Q0hDXOo"
{"userID":"fb94a62f-0e42-4646-aa6e-8c45deed51d9","username":"Valentina de Lins Filho","books":[]}

---------------------------------------------------------
feature: classpath:features/gerarToken/auth.feature
scenarios:  2 | passed:  2 | failed:  0 | time: 8,8235
---------------------------------------------------------

15:26:44.143 [pool-3-thread-1] INFO  com.intuit.karate.Suite - <<pass>> feature 5 of 7 (2 remaining) classpath:features/gerarToken/auth.feature
---------------------------------------------------------
feature: classpath:features/users/criarUsuario/criar-usuario.feature
scenarios:  2 | passed:  2 | failed:  0 | time: 1,8451
---------------------------------------------------------

15:26:44.177 [pool-3-thread-1] INFO  com.intuit.karate.Suite - <<pass>> feature 6 of 7 (1 remaining) classpath:features/users/criarUsuario/criar-usuario.feature
15:26:44.286 [pool-2-thread-5] DEBUG com.intuit.karate - response time in milliseconds: 1309
1 < 201
1 < Server: nginx/1.17.10 (Ubuntu)
1 < Date: Mon, 12 Jan 2026 18:26:44 GMT
1 < Content-Type: application/json; charset=utf-8
1 < Content-Length: 98
1 < Connection: keep-alive
1 < X-Powered-By: Express
1 < ETag: W/"62-FAorfF31grADTeyhENj3VW5LKzg"
{"userID":"fbdb4148-c6ff-48cb-97a7-dce5603fd598","username":"Sra. João Samuel Grotas","books":[]}

15:26:44.290 [pool-2-thread-3] DEBUG com.intuit.karate - response time in milliseconds: 1246
1 < 201
1 < Server: nginx/1.17.10 (Ubuntu)
1 < Date: Mon, 12 Jan 2026 18:26:44 GMT
1 < Content-Type: application/json; charset=utf-8
1 < Content-Length: 93
1 < Connection: keep-alive
1 < X-Powered-By: Express
1 < ETag: W/"5d-ANk1mlJHUXhRI2bjDNhjYc+F6nU"
{"userID":"313677d1-16f9-478d-ace9-80a806da0723","username":"Felícia da Fonseca","books":[]}

15:26:44.292 [pool-2-thread-5] DEBUG com.intuit.karate - request:
1 > POST https://bookstore.demoqa.com/Account/v1/GenerateToken
1 > Content-Type: application/json; charset=UTF-8
1 > Content-Length: 66
1 > Host: bookstore.demoqa.com
1 > Connection: Keep-Alive
1 > User-Agent: Apache-HttpClient/4.5.14 (Java/21.0.6)
1 > Accept-Encoding: gzip,deflate
{"userName":"Sra. João Samuel Grotas","password":"Fulano464553#"}

15:26:44.295 [pool-2-thread-3] DEBUG com.intuit.karate - request:
1 > POST https://bookstore.demoqa.com/Account/v1/GenerateToken
1 > Content-Type: application/json; charset=UTF-8
1 > Content-Length: 61
1 > Host: bookstore.demoqa.com
1 > Connection: Keep-Alive
1 > User-Agent: Apache-HttpClient/4.5.14 (Java/21.0.6)
1 > Accept-Encoding: gzip,deflate
{"userName":"Felícia da Fonseca","password":"Fulano464553#"}

15:26:45.537 [pool-2-thread-5] DEBUG com.intuit.karate - response time in milliseconds: 1245
1 < 200
1 < Server: nginx/1.17.10 (Ubuntu)
1 < Date: Mon, 12 Jan 2026 18:26:45 GMT
1 < Content-Type: application/json; charset=utf-8
1 < Content-Length: 301
1 < Connection: keep-alive
1 < X-Powered-By: Express
1 < ETag: W/"12d-glzI/qpyjyh6GOYzJzxRAG5fo1Q"
{"token":"eyJhbGciOiJIUzI1NiIsInR5cCI6IkpXVCJ9.eyJ1c2VyTmFtZSI6IlNyYS4gSm_Do28gU2FtdWVsIEdyb3RhcyIsInBhc3N3b3JkIjoiRnVsYW5vNDY0NTUzIyIsImlhdCI6MTc2ODI0MjQwNH0.haJhEY70TGeQHAyNXbnFrufjmg9q35_Tl6cvUvNTohU","expires":"2026-01-19T18:26:44.942Z","status":"Success","result":"User authorized successfully."}

15:26:45.539 [pool-2-thread-5] INFO  com.intuit.karate - [print] eyJhbGciOiJIUzI1NiIsInR5cCI6IkpXVCJ9.eyJ1c2VyTmFtZSI6IlNyYS4gSm_Do28gU2FtdWVsIEdyb3RhcyIsInBhc3N3b3JkIjoiRnVsYW5vNDY0NTUzIyIsImlhdCI6MTc2ODI0MjQwNH0.haJhEY70TGeQHAyNXbnFrufjmg9q35_Tl6cvUvNTohU 
15:26:45.542 [pool-2-thread-5] DEBUG com.intuit.karate - request:
1 > DELETE https://bookstore.demoqa.com/Account/v1/User/fbdb4148-c6ff-48cb-97a7-dce5603fd598
1 > Authorization: Bearer eyJhbGciOiJIUzI1NiIsInR5cCI6IkpXVCJ9.eyJ1c2VyTmFtZSI6IlNyYS4gSm_Do28gU2FtdWVsIEdyb3RhcyIsInBhc3N3b3JkIjoiRnVsYW5vNDY0NTUzIyIsImlhdCI6MTc2ODI0MjQwNH0.haJhEY70TGeQHAyNXbnFrufjmg9q35_Tl6cvUvNTohU
1 > Host: bookstore.demoqa.com
1 > Connection: Keep-Alive
1 > User-Agent: Apache-HttpClient/4.5.14 (Java/21.0.6)
1 > Accept-Encoding: gzip,deflate


15:26:46.562 [pool-2-thread-3] DEBUG com.intuit.karate - response time in milliseconds: 2266
1 < 200
1 < Server: nginx/1.17.10 (Ubuntu)
1 < Date: Mon, 12 Jan 2026 18:26:46 GMT
1 < Content-Type: application/json; charset=utf-8
1 < Content-Length: 294
1 < Connection: keep-alive
1 < X-Powered-By: Express
1 < ETag: W/"126-tTvK3jEfqcsOQKC0fDkzXGCuZXw"
{"token":"eyJhbGciOiJIUzI1NiIsInR5cCI6IkpXVCJ9.eyJ1c2VyTmFtZSI6IkZlbMOtY2lhIGRhIEZvbnNlY2EiLCJwYXNzd29yZCI6IkZ1bGFubzQ2NDU1MyMiLCJpYXQiOjE3NjgyNDI0MDR9.6Tl1yhaJnSpDLLrW5V5Ie5g6fSfs4LSyIcvbzhuxSZk","expires":"2026-01-19T18:26:44.951Z","status":"Success","result":"User authorized successfully."}

15:26:46.563 [pool-2-thread-3] INFO  com.intuit.karate - [print] eyJhbGciOiJIUzI1NiIsInR5cCI6IkpXVCJ9.eyJ1c2VyTmFtZSI6IkZlbMOtY2lhIGRhIEZvbnNlY2EiLCJwYXNzd29yZCI6IkZ1bGFubzQ2NDU1MyMiLCJpYXQiOjE3NjgyNDI0MDR9.6Tl1yhaJnSpDLLrW5V5Ie5g6fSfs4LSyIcvbzhuxSZk 
15:26:46.565 [pool-2-thread-3] DEBUG com.intuit.karate - request:
1 > DELETE https://bookstore.demoqa.com/Account/v1/User/313677d1-16f9-478d-ace9-80a806da0723
1 > Host: bookstore.demoqa.com
1 > Connection: Keep-Alive
1 > User-Agent: Apache-HttpClient/4.5.14 (Java/21.0.6)
1 > Accept-Encoding: gzip,deflate


15:26:47.102 [pool-2-thread-3] DEBUG com.intuit.karate - response time in milliseconds: 536
1 < 401
1 < Server: nginx/1.17.10 (Ubuntu)
1 < Date: Mon, 12 Jan 2026 18:26:47 GMT
1 < Content-Type: application/json; charset=utf-8
1 < Content-Length: 48
1 < Connection: keep-alive
1 < X-Powered-By: Express
1 < ETag: W/"30-V67npMN18Zy3bnk1xW2xtLGgx8c"
{"code":"1200","message":"User not authorized!"}

15:26:47.218 [pool-2-thread-5] DEBUG com.intuit.karate - response time in milliseconds: 1676
1 < 204
1 < Server: nginx/1.17.10 (Ubuntu)
1 < Date: Mon, 12 Jan 2026 18:26:47 GMT
1 < Connection: keep-alive
1 < X-Powered-By: Express
1 < ETag: W/"58-BQjFJdasawMla+mP9J3umWvP0kw"


---------------------------------------------------------
feature: classpath:features/users/deletarUsuario/deletar-usuario.feature
scenarios:  2 | passed:  2 | failed:  0 | time: 8,3237
---------------------------------------------------------

15:26:47.277 [pool-3-thread-1] INFO  com.intuit.karate.Suite - <<pass>> feature 7 of 7 (0 remaining) classpath:features/users/deletarUsuario/deletar-usuario.feature
Karate version: 1.5.0
======================================================
elapsed:  14,15 | threads:    5 | thread time: 51,19 
features:     7 | skipped:    0 | efficiency: 0,72
scenarios:   13 | passed:    13 | failed: 0
======================================================

HTML report: (paste into browser to view) | Karate version: 1.5.0
file:///D:/Estudos%20Programação/Academia%20Accenture/Estudo%20karate/3/myproject/target/karate-reports/karate-summary.html
===================================================================

]]></system-out>
  </testcase>
</testsuite>