{"failedCount":1,"prefixedPath":"classpath:examples\/users\/criarUsuário\/criar-usuario-sucesso.feature","packageQualifiedName":"examples.users.criarUsuário.criar-usuario-sucesso","loopIndex":-1,"relativePath":"examples\/users\/criarUsuário\/criar-usuario-sucesso.feature","scenarioResults":[{"sectionIndex":0,"stepResults":[{"result":{"nanos":935500,"startTime":1768076614908,"endTime":1768076614909,"millis":0.9355,"status":"passed"},"step":{"background":true,"line":4,"prefix":"Given","index":0,"text":"url baseUrl"},"stepLog":"17:23:34.878 karate.env system property was: dev \n"},{"result":{"nanos":38969700,"startTime":1768076614911,"endTime":1768076614950,"millis":38.9697,"status":"passed"},"step":{"endLine":13,"line":7,"prefix":"*","docString":"{\n      \"userName\": \"Fulano\",\n      \"password\": \"Fulano123#\"\n      }","index":0,"text":"def usuario ="}},{"result":{"nanos":23988500,"errorMessage":"js failed:\n>>>>\n01: \"\/Account\/v1\/User\n<<<<\norg.graalvm.polyglot.PolyglotException: SyntaxError: Unnamed:1:17 Missing close quote\r\n\"\/Account\/v1\/User\r\n                 ^\n\n- org.graalvm.polyglot.Context.eval(Context.java:428)\n- com.intuit.karate.graal.JsEngine.evalForValue(JsEngine.java:169)\n- com.intuit.karate.graal.JsEngine.eval(JsEngine.java:165)\n- com.intuit.karate.core.ScenarioEngine.evalJs(ScenarioEngine.java:1252)\n- com.intuit.karate.core.ScenarioEngine.path(ScenarioEngine.java:372)\n- com.intuit.karate.ScenarioActions.path(ScenarioActions.java:80)\n- java.base\/jdk.internal.reflect.DirectMethodHandleAccessor.invoke(DirectMethodHandleAccessor.java:103)\n\nclasspath:examples\/users\/criarUsuário\/criar-usuario-sucesso.feature:14","startTime":1768076614950,"endTime":1768076614974,"millis":23.9885,"status":"failed"},"step":{"line":14,"prefix":"Given","index":1,"text":"path \"\/Account\/v1\/User"},"stepLog":"17:23:34.977 classpath:examples\/users\/criarUsuário\/criar-usuario-sucesso.feature:14\nGiven path \"\/Account\/v1\/User\njs failed:\n>>>>\n01: \"\/Account\/v1\/User\n<<<<\norg.graalvm.polyglot.PolyglotException: SyntaxError: Unnamed:1:17 Missing close quote\r\n\"\/Account\/v1\/User\r\n                 ^\n\n- org.graalvm.polyglot.Context.eval(Context.java:428)\n- com.intuit.karate.graal.JsEngine.evalForValue(JsEngine.java:169)\n- com.intuit.karate.graal.JsEngine.eval(JsEngine.java:165)\n- com.intuit.karate.core.ScenarioEngine.evalJs(ScenarioEngine.java:1252)\n- com.intuit.karate.core.ScenarioEngine.path(ScenarioEngine.java:372)\n- com.intuit.karate.ScenarioActions.path(ScenarioActions.java:80)\n- java.base\/jdk.internal.reflect.DirectMethodHandleAccessor.invoke(DirectMethodHandleAccessor.java:103)\n\nclasspath:examples\/users\/criarUsuário\/criar-usuario-sucesso.feature:14\n"},{"result":{"nanos":0,"startTime":1768076614977,"endTime":1768076614977,"millis":0.0,"status":"skipped"},"step":{"line":15,"prefix":"When","index":2,"text":"method get"}},{"result":{"nanos":0,"startTime":1768076614977,"endTime":1768076614977,"millis":0.0,"status":"skipped"},"step":{"line":16,"prefix":"Then","index":3,"text":"status 200"}}],"line":6,"description":"","durationMillis":63.8937,"failed":true,"error":"js failed:\n>>>>\n01: \"\/Account\/v1\/User\n<<<<\norg.graalvm.polyglot.PolyglotException: SyntaxError: Unnamed:1:17 Missing close quote\r\n\"\/Account\/v1\/User\r\n                 ^\n\n- org.graalvm.polyglot.Context.eval(Context.java:428)\n- com.intuit.karate.graal.JsEngine.evalForValue(JsEngine.java:169)\n- com.intuit.karate.graal.JsEngine.eval(JsEngine.java:165)\n- com.intuit.karate.core.ScenarioEngine.evalJs(ScenarioEngine.java:1252)\n- com.intuit.karate.core.ScenarioEngine.path(ScenarioEngine.java:372)\n- com.intuit.karate.ScenarioActions.path(ScenarioActions.java:80)\n- java.base\/jdk.internal.reflect.DirectMethodHandleAccessor.invoke(DirectMethodHandleAccessor.java:103)\n\nclasspath:examples\/users\/criarUsuário\/criar-usuario-sucesso.feature:14","executorName":"pool-1-thread-3","name":"","startTime":1768076614758,"refId":"[1:6]","endTime":1768076614977,"exampleIndex":-1}],"callDepth":0,"name":"Criar usuário","description":"","resultDate":"2026-01-10 05:23:37 PM","durationMillis":63.8937,"passedCount":0}